#
# A fatal error has been detected by the Java Runtime Environment:
#
#  EXCEPTION_ACCESS_VIOLATION (0xc0000005) at pc=0x00007ff833e4d266, pid=3620, tid=9336
#
# JRE version: OpenJDK Runtime Environment (11.0.11+9) (build 11.0.11+9-b60-7590822)
# Java VM: OpenJDK 64-Bit Server VM (11.0.11+9-b60-7590822, mixed mode, tiered, compressed oops, g1 gc, windows-amd64)
# Problematic frame:
# V  [jvm.dll+0x18d266]
#
# No core dump will be written. Minidumps are not enabled by default on client versions of Windows
#
# If you would like to submit a bug report, please visit:
#   https://bugreport.java.com/bugreport/crash.jsp
#

---------------  S U M M A R Y ------------

Command Line: --add-opens=java.base/java.util=ALL-UNNAMED --add-opens=java.base/java.lang=ALL-UNNAMED --add-opens=java.base/java.lang.invoke=ALL-UNNAMED --add-opens=java.base/java.util=ALL-UNNAMED --add-opens=java.prefs/java.util.prefs=ALL-UNNAMED --add-opens=java.prefs/java.util.prefs=ALL-UNNAMED --add-opens=java.base/java.nio.charset=ALL-UNNAMED --add-opens=java.base/java.net=ALL-UNNAMED --add-opens=java.base/java.util.concurrent.atomic=ALL-UNNAMED -Xmx2048m -Dfile.encoding=UTF-8 -Duser.country=US -Duser.language=en -Duser.variant org.gradle.launcher.daemon.bootstrap.GradleDaemon 7.2

Host: Intel(R) Core(TM) i5-10210U CPU @ 1.60GHz, 8 cores, 7G,  Windows 10 , 64 bit Build 22000 (10.0.22000.708)
Time: Wed Aug 10 01:04:33 2022 India Standard Time elapsed time: 1124.943222 seconds (0d 0h 18m 44s)

---------------  T H R E A D  ---------------

Current thread (0x000002804f0d1000):  ConcurrentGCThread "G1 Conc#0" [stack: 0x00000090d1200000,0x00000090d1300000] [id=9336]

Stack: [0x00000090d1200000,0x00000090d1300000],  sp=0x00000090d12ff738,  free space=1021k
Native frames: (J=compiled Java code, j=interpreted, Vv=VM code, C=native code)
V  [jvm.dll+0x18d266]


siginfo: EXCEPTION_ACCESS_VIOLATION (0xc0000005), reading address 0x0000000000000008


Register to memory mapping:

RIP=0x00007ff833e4d266 jvm.dll
RAX=0x0000000000000001 is an unknown value
RBX=0x00000000880c0440 is pointing into object: [Ljava.lang.Object; 
{0x00000000880c0430} - klass: 'java/lang/Object'[]
 - length: 5
RCX=0x00000000880c0440 is pointing into object: [Ljava.lang.Object; 
{0x00000000880c0430} - klass: 'java/lang/Object'[]
 - length: 5
RDX=0x00000000880c0440 is pointing into object: [Ljava.lang.Object; 
{0x00000000880c0430} - klass: 'java/lang/Object'[]
 - length: 5
RSP=0x00000090d12ff738 points into unknown readable memory: 0x00007ff833f9b2fa | fa b2 f9 33 f8 7f 00 00
RBP=0x000002804f0c7350 points into unknown readable memory: 0x000002804f0d0000 | 00 00 0d 4f 80 02 00 00
RSI=0x0000000000000001 is an unknown value
RDI=0x0 is NULL
R8 =0x0 is NULL
R9 =0x0 is NULL
R10=0x000002804f0c7350 points into unknown readable memory: 0x000002804f0d0000 | 00 00 0d 4f 80 02 00 00
R11=0x0000028066a00000 points into unknown readable memory: 0x0000000000000001 | 01 00 00 00 00 00 00 00
R12=0x000000000000000c is an unknown value
R13=0xaaaaaaaaaaaaaaab is an unknown value
R14=0x0000000000000001 is an unknown value
R15=0x0000000086f78e28 is an oop: com.google.common.collect.MapMakerInternalMap$StrongKeyWeakValueEntry 
{0x0000000086f78e28} - klass: 'com/google/common/collect/MapMakerInternalMap$StrongKeyWeakValueEntry'


Registers:
RAX=0x0000000000000001, RBX=0x00000000880c0440, RCX=0x00000000880c0440, RDX=0x00000000880c0440
RSP=0x00000090d12ff738, RBP=0x000002804f0c7350, RSI=0x0000000000000001, RDI=0x0000000000000000
R8 =0x0000000000000000, R9 =0x0000000000000000, R10=0x000002804f0c7350, R11=0x0000028066a00000
R12=0x000000000000000c, R13=0xaaaaaaaaaaaaaaab, R14=0x0000000000000001, R15=0x0000000086f78e28
RIP=0x00007ff833e4d266, EFLAGS=0x0000000000010246

Top of Stack: (sp=0x00000090d12ff738)
0x00000090d12ff738:   00007ff833f9b2fa 00000000880c0440
0x00000090d12ff748:   000000010047fff8 000002804f0da0d0
0x00000090d12ff758:   00000090d12ff948 0000000100480000
0x00000090d12ff768:   00007ff833f9b1a6 000000010047fff8
0x00000090d12ff778:   00000000880c0440 000002804f0da0d0
0x00000090d12ff788:   00000090d12ff948 0000000000000000
0x00000090d12ff798:   00000001000148e0 0000000086f78e44
0x00000090d12ff7a8:   00007ff833f9303d 0000000000000004
0x00000090d12ff7b8:   0000000086f78e38 0000000000000003
0x00000090d12ff7c8:   00000090d12ff948 00000090d12ff920
0x00000090d12ff7d8:   000002804f0d1701 000000010047fd80
0x00000090d12ff7e8:   00007ff833f928f1 0000000000000004
0x00000090d12ff7f8:   00000090d12ff948 0000000086f78e28
0x00000090d12ff808:   00000090d12ff920 0000000086f78e28
0x00000090d12ff818:   00007ff833fa0cdf 000002804f0da0d0
0x00000090d12ff828:   0000000000e00000 00000090d12ff920 

Instructions: (pc=0x00007ff833e4d266)
0x00007ff833e4d166:   82 00 48 d3 e0 48 03 05 1e 6b 82 00 eb 04 48 8b
0x00007ff833e4d176:   43 08 81 78 08 00 00 00 c0 73 7d 48 8b 4f 38 48
0x00007ff833e4d186:   8b d3 48 8b 01 ff 50 20 84 c0 75 6c 38 05 e0 f6
0x00007ff833e4d196:   86 00 74 15 8b 53 08 8b 0d f5 6a 82 00 48 d3 e2
0x00007ff833e4d1a6:   48 03 15 e3 6a 82 00 eb 04 48 8b 53 08 48 8b cb
0x00007ff833e4d1b6:   48 89 5c 24 20 e8 a0 00 00 00 80 7f 30 00 48 63
0x00007ff833e4d1c6:   c8 48 89 4c 24 28 0f 28 44 24 20 74 17 0f 11 86
0x00007ff833e4d1d6:   98 03 00 00 48 8b 5c 24 40 48 8b 74 24 48 48 83
0x00007ff833e4d1e6:   c4 30 5f c3 48 8b 07 48 8d 54 24 20 48 8b cf 66
0x00007ff833e4d1f6:   0f 7f 44 24 20 ff 50 38 48 8b 5c 24 40 48 8b 74
0x00007ff833e4d206:   24 48 48 83 c4 30 5f c3 cc cc 48 8b 49 38 48 8b
0x00007ff833e4d216:   01 48 ff 60 28 cc cc cc cc cc 80 3d 51 f6 86 00
0x00007ff833e4d226:   00 48 8b c1 74 1b 8b 51 08 8b 0d 63 6a 82 00 48
0x00007ff833e4d236:   d3 e2 48 8b c8 48 03 15 4e 6a 82 00 e9 19 00 00
0x00007ff833e4d246:   00 48 8b 51 08 48 8b c8 e9 0d 00 00 00 cc cc cc
0x00007ff833e4d256:   cc cc cc cc cc cc cc cc cc cc 4c 8b ca 48 8b d1
0x00007ff833e4d266:   45 8b 41 08 45 85 c0 7e 0e 41 f6 c0 01 75 59 41
0x00007ff833e4d276:   c1 f8 03 41 8b c0 c3 79 4f 80 3d f2 f5 86 00 00
0x00007ff833e4d286:   b8 0c 00 00 00 b9 10 00 00 00 0f 45 c8 8b 05 2b
0x00007ff833e4d296:   b4 80 00 ff c8 4c 63 c8 48 63 c1 41 8b c8 83 e1
0x00007ff833e4d2a6:   3f 48 63 14 10 41 8b c0 48 c1 f8 10 0f b6 c0 48
0x00007ff833e4d2b6:   d3 e2 49 8d 0c 11 49 f7 d1 48 03 c1 49 c1 e9 03
0x00007ff833e4d2c6:   48 c1 e8 03 41 23 c1 c3 49 8b 01 49 8b c9 48 ff
0x00007ff833e4d2d6:   a0 10 01 00 00 cc cc cc cc cc 48 83 ec 38 0f 10
0x00007ff833e4d2e6:   02 48 8b 49 38 48 8d 54 24 20 0f 29 44 24 20 e8
0x00007ff833e4d2f6:   66 f0 ff ff 48 83 c4 38 c3 cc 48 89 5c 24 08 55
0x00007ff833e4d306:   56 57 41 54 41 55 41 56 41 57 48 8d 6c 24 e0 48
0x00007ff833e4d316:   81 ec 20 01 00 00 48 8b 05 1d ef 83 00 48 33 c4
0x00007ff833e4d326:   48 89 45 10 48 8b 05 5f 60 86 00 45 33 ed 4c 8b
0x00007ff833e4d336:   b5 80 00 00 00 4c 8b fa 48 8b bd 88 00 00 00 4d
0x00007ff833e4d346:   8b c6 49 8b d6 49 8b f1 48 8b 48 38 48 8b 59 48
0x00007ff833e4d356:   49 8b cf c7 45 c0 ff ff ff ff 44 89 6d d4 4c 89 


Stack slot to memory mapping:
stack at sp + 0 slots: 0x00007ff833f9b2fa jvm.dll
stack at sp + 1 slots: 0x00000000880c0440 is pointing into object: [Ljava.lang.Object; 
{0x00000000880c0430} - klass: 'java/lang/Object'[]
 - length: 5
stack at sp + 2 slots: 0x000000010047fff8 is pointing into metadata
stack at sp + 3 slots: 0x000002804f0da0d0 points into unknown readable memory: 0x00007ff8344e3050 | 50 30 4e 34 f8 7f 00 00
stack at sp + 4 slots: 0x00000090d12ff948 points into unknown readable memory: 0x00007ff8344e2fd0 | d0 2f 4e 34 f8 7f 00 00
stack at sp + 5 slots: 0x0000000100480000 is pointing into metadata
stack at sp + 6 slots: 0x00007ff833f9b1a6 jvm.dll
stack at sp + 7 slots: 0x000000010047fff8 is pointing into metadata


---------------  P R O C E S S  ---------------

Threads class SMR info:
_java_thread_list=0x00000280740c3970, length=133, elements={
0x000002804f081800, 0x000002806b4d4800, 0x000002806b4e1800, 0x000002806be52800,
0x000002806b4f0000, 0x000002806b4f0800, 0x000002806b4fc800, 0x000002806b500000,
0x000002806b50b800, 0x000002806bfa3800, 0x000002806e9e9000, 0x000002806c255000,
0x000002806c10d000, 0x000002806d8ca000, 0x000002806d8c7800, 0x000002806d8c8800,
0x000002806f712800, 0x000002806f712000, 0x000002806f715000, 0x000002806f716000,
0x000002806f710000, 0x000002806f714800, 0x000002806f711000, 0x000002806f717800,
0x000002806f716800, 0x000002806f71e000, 0x000002806f71d000, 0x000002806f718800,
0x000002806f283800, 0x000002806f280000, 0x000002806f27b800, 0x000002806f27d000,
0x000002806f27a800, 0x000002806f27e800, 0x000002806f281000, 0x000002806f282000,
0x000002806f27d800, 0x000002806f27f800, 0x000002806d024000, 0x00000280749c6000,
0x000002806f27c000, 0x000002806f285000, 0x000002806f284800, 0x000002806f286000,
0x000002806f288800, 0x000002806f286800, 0x000002806f282800, 0x000002806f289000,
0x000002806f713800, 0x000002806f71b000, 0x000002806f71b800, 0x000002806f71c800,
0x000002806d8c9000, 0x0000028074d4b800, 0x0000028074d48800, 0x0000028074d4a000,
0x0000028074d47800, 0x0000028074d46000, 0x0000028074d49000, 0x0000028074d4a800,
0x0000028074d4c800, 0x0000028074d46800, 0x0000028074d52000, 0x0000028074d52800,
0x0000028074d53800, 0x0000028074d4e000, 0x0000028074d4f800, 0x0000028074d50800,
0x0000028074d51000, 0x0000028074d54800, 0x0000028074d4e800, 0x00000280785cc800,
0x00000280785cb800, 0x00000280785ca000, 0x00000280785ca800, 0x00000280785cd000,
0x00000280785c8800, 0x00000280785ce000, 0x00000280785cf000, 0x00000280785c9000,
0x00000280785d0800, 0x00000280785cf800, 0x00000280785d6000, 0x00000280785d7000,
0x00000280785d2000, 0x00000280785d1800, 0x00000280785d3000, 0x00000280785d3800,
0x00000280785d5800, 0x00000280785d4800, 0x0000028074455800, 0x0000028074454800,
0x000002807445c000, 0x0000028074459800, 0x000002807445a800, 0x0000028074456800,
0x000002807445b000, 0x000002807445d000, 0x0000028074457000, 0x000002807445d800,
0x0000028074459000, 0x0000028074458000, 0x0000028074462800, 0x0000028074460000,
0x0000028074461000, 0x000002807445e800, 0x000002807445f800, 0x0000028074462000,
0x0000028074463800, 0x0000028072d61800, 0x0000028072d64800, 0x0000028072d62000,
0x0000028072d63000, 0x0000028072d65800, 0x0000028072d60800, 0x0000028072d64000,
0x0000028072d60000, 0x0000028072d66800, 0x0000028072d6a800, 0x0000028072d69800,
0x0000028072d6b000, 0x0000028072d6c000, 0x0000028072d69000, 0x0000028072d6d000,
0x0000028072d67000, 0x0000028072d68000, 0x0000028072d6d800, 0x0000028072d6e800,
0x0000028078633800, 0x0000028078630800, 0x0000028078634800, 0x0000028078637000,
0x0000028078631000
}

Java Threads: ( => current thread )
  0x000002804f081800 JavaThread "main" [_thread_blocked, id=14792, stack(0x00000090d0f00000,0x00000090d1000000)]
  0x000002806b4d4800 JavaThread "Reference Handler" daemon [_thread_blocked, id=24288, stack(0x00000090d1600000,0x00000090d1700000)]
  0x000002806b4e1800 JavaThread "Finalizer" daemon [_thread_blocked, id=19784, stack(0x00000090d1700000,0x00000090d1800000)]
  0x000002806be52800 JavaThread "Signal Dispatcher" daemon [_thread_blocked, id=4092, stack(0x00000090d1800000,0x00000090d1900000)]
  0x000002806b4f0000 JavaThread "Attach Listener" daemon [_thread_blocked, id=12084, stack(0x00000090d1900000,0x00000090d1a00000)]
  0x000002806b4f0800 JavaThread "Service Thread" daemon [_thread_blocked, id=16412, stack(0x00000090d1a00000,0x00000090d1b00000)]
  0x000002806b4fc800 JavaThread "C2 CompilerThread0" daemon [_thread_in_native, id=11256, stack(0x00000090d1b00000,0x00000090d1c00000)]
  0x000002806b500000 JavaThread "C1 CompilerThread0" daemon [_thread_blocked, id=9548, stack(0x00000090d1c00000,0x00000090d1d00000)]
  0x000002806b50b800 JavaThread "Sweeper thread" daemon [_thread_blocked, id=15548, stack(0x00000090d1d00000,0x00000090d1e00000)]
  0x000002806bfa3800 JavaThread "Common-Cleaner" daemon [_thread_blocked, id=7244, stack(0x00000090d1e00000,0x00000090d1f00000)]
  0x000002806e9e9000 JavaThread "Daemon health stats" [_thread_blocked, id=8140, stack(0x00000090d2400000,0x00000090d2500000)]
  0x000002806c255000 JavaThread "Incoming local TCP Connector on port 63951" [_thread_in_native, id=4100, stack(0x00000090d2000000,0x00000090d2100000)]
  0x000002806c10d000 JavaThread "Daemon periodic checks" [_thread_blocked, id=20240, stack(0x00000090d2300000,0x00000090d2400000)]
  0x000002806d8ca000 JavaThread "Cache worker for journal cache (C:\Users\hp\.gradle\caches\journal-1)" [_thread_blocked, id=23520, stack(0x00000090d3100000,0x00000090d3200000)]
  0x000002806d8c7800 JavaThread "File lock request listener" [_thread_in_native, id=7356, stack(0x00000090d3200000,0x00000090d3300000)]
  0x000002806d8c8800 JavaThread "Cache worker for file hash cache (C:\Users\hp\.gradle\caches\7.2\fileHashes)" [_thread_blocked, id=22864, stack(0x00000090d3400000,0x00000090d3500000)]
  0x000002806f712800 JavaThread "File watcher server" daemon [_thread_in_native, id=18144, stack(0x00000090d3700000,0x00000090d3800000)]
  0x000002806f712000 JavaThread "File watcher consumer" daemon [_thread_blocked, id=12704, stack(0x00000090d3800000,0x00000090d3900000)]
  0x000002806f715000 JavaThread "jar transforms" [_thread_blocked, id=8456, stack(0x00000090d3a00000,0x00000090d3b00000)]
  0x000002806f716000 JavaThread "jar transforms Thread 2" [_thread_blocked, id=3396, stack(0x00000090d3b00000,0x00000090d3c00000)]
  0x000002806f710000 JavaThread "jar transforms Thread 3" [_thread_blocked, id=10792, stack(0x00000090d3c00000,0x00000090d3d00000)]
  0x000002806f714800 JavaThread "jar transforms Thread 4" [_thread_blocked, id=7488, stack(0x00000090d3d00000,0x00000090d3e00000)]
  0x000002806f711000 JavaThread "jar transforms Thread 5" [_thread_blocked, id=13820, stack(0x00000090d3e00000,0x00000090d3f00000)]
  0x000002806f717800 JavaThread "jar transforms Thread 6" [_thread_blocked, id=8696, stack(0x00000090d3f00000,0x00000090d4000000)]
  0x000002806f716800 JavaThread "jar transforms Thread 7" [_thread_blocked, id=21716, stack(0x00000090d4000000,0x00000090d4100000)]
  0x000002806f71e000 JavaThread "jar transforms Thread 8" [_thread_blocked, id=2892, stack(0x00000090d4100000,0x00000090d4200000)]
  0x000002806f71d000 JavaThread "Cache worker for execution history cache (C:\Users\hp\.gradle\caches\7.2\executionHistory)" [_thread_blocked, id=9620, stack(0x00000090d4400000,0x00000090d4500000)]
  0x000002806f718800 JavaThread "Cache worker for file content cache (C:\Users\hp\.gradle\caches\7.2\fileContent)" [_thread_blocked, id=13248, stack(0x00000090d4600000,0x00000090d4700000)]
  0x000002806f283800 JavaThread "Memory manager" [_thread_blocked, id=17888, stack(0x00000090d9900000,0x00000090d9a00000)]
  0x000002806f280000 JavaThread "Daemon Thread 2" [_thread_blocked, id=16128, stack(0x00000090d0c00000,0x00000090d0d00000)]
  0x000002806f27b800 JavaThread "Handler for socket connection from /127.0.0.1:63951 to /127.0.0.1:64102" [_thread_in_native, id=22572, stack(0x00000090d0d00000,0x00000090d0e00000)]
  0x000002806f27d000 JavaThread "Cancel handler" [_thread_blocked, id=20560, stack(0x00000090d0e00000,0x00000090d0f00000)]
  0x000002806f27a800 JavaThread "Daemon worker Thread 2" [_thread_blocked, id=20368, stack(0x00000090d2500000,0x00000090d2600000)]
  0x000002806f27e800 JavaThread "Asynchronous log dispatcher for DefaultDaemonConnection: socket connection from /127.0.0.1:63951 to /127.0.0.1:64102" [_thread_blocked, id=3824, stack(0x00000090d2600000,0x00000090d2700000)]
  0x000002806f281000 JavaThread "Stdin handler" [_thread_blocked, id=18888, stack(0x00000090d2700000,0x00000090d2800000)]
  0x000002806f282000 JavaThread "Daemon client event forwarder" [_thread_blocked, id=22660, stack(0x00000090d2800000,0x00000090d2900000)]
  0x000002806f27d800 JavaThread "Cache worker for file hash cache (D:\ANDROID STUDIO PROJECTS\Quizzer\.gradle\7.2\fileHashes)" [_thread_blocked, id=19648, stack(0x00000090d2900000,0x00000090d2a00000)]
  0x000002806f27f800 JavaThread "Cache worker for checksums cache (D:\ANDROID STUDIO PROJECTS\Quizzer\.gradle\checksums)" [_thread_blocked, id=11128, stack(0x00000090d2a00000,0x00000090d2b00000)]
  0x000002806d024000 JavaThread "C2 CompilerThread1" daemon [_thread_in_native, id=13100, stack(0x00000090d2b00000,0x00000090d2c00000)]
  0x00000280749c6000 JavaThread "C2 CompilerThread2" daemon [_thread_in_native, id=9836, stack(0x00000090d3500000,0x00000090d3600000)]
  0x000002806f27c000 JavaThread "Cache worker for cache directory md-supplier (C:\Users\hp\.gradle\caches\7.2\md-supplier)" [_thread_blocked, id=24240, stack(0x00000090d3600000,0x00000090d3700000)]
  0x000002806f285000 JavaThread "Cache worker for cache directory md-rule (C:\Users\hp\.gradle\caches\7.2\md-rule)" [_thread_blocked, id=19092, stack(0x00000090d3900000,0x00000090d3a00000)]
  0x000002806f284800 JavaThread "Cache worker for dependencies-accessors (D:\ANDROID STUDIO PROJECTS\Quizzer\.gradle\7.2\dependencies-accessors)" [_thread_blocked, id=19192, stack(0x00000090d4200000,0x00000090d4300000)]
  0x000002806f286000 JavaThread "Cache worker for Build Output Cleanup Cache (D:\ANDROID STUDIO PROJECTS\Quizzer\.gradle\buildOutputCleanup)" [_thread_blocked, id=12912, stack(0x00000090d4300000,0x00000090d4400000)]
  0x000002806f288800 JavaThread "Unconstrained build operations" [_thread_blocked, id=14028, stack(0x00000090d4500000,0x00000090d4600000)]
  0x000002806f286800 JavaThread "Unconstrained build operations Thread 2" [_thread_blocked, id=19988, stack(0x00000090d4700000,0x00000090d4800000)]
  0x000002806f282800 JavaThread "Unconstrained build operations Thread 3" [_thread_blocked, id=12696, stack(0x00000090d4800000,0x00000090d4900000)]
  0x000002806f289000 JavaThread "Unconstrained build operations Thread 4" [_thread_blocked, id=4864, stack(0x00000090d4900000,0x00000090d4a00000)]
  0x000002806f713800 JavaThread "Unconstrained build operations Thread 5" [_thread_blocked, id=13172, stack(0x00000090d4a00000,0x00000090d4b00000)]
  0x000002806f71b000 JavaThread "Unconstrained build operations Thread 6" [_thread_blocked, id=8064, stack(0x00000090d4b00000,0x00000090d4c00000)]
  0x000002806f71b800 JavaThread "Unconstrained build operations Thread 7" [_thread_blocked, id=4280, stack(0x00000090d4c00000,0x00000090d4d00000)]
  0x000002806f71c800 JavaThread "Unconstrained build operations Thread 8" [_thread_blocked, id=11340, stack(0x00000090d4d00000,0x00000090d4e00000)]
  0x000002806d8c9000 JavaThread "Unconstrained build operations Thread 9" [_thread_blocked, id=2332, stack(0x00000090d4e00000,0x00000090d4f00000)]
  0x0000028074d4b800 JavaThread "Unconstrained build operations Thread 10" [_thread_blocked, id=23236, stack(0x00000090d4f00000,0x00000090d5000000)]
  0x0000028074d48800 JavaThread "Unconstrained build operations Thread 11" [_thread_blocked, id=23740, stack(0x00000090d5000000,0x00000090d5100000)]
  0x0000028074d4a000 JavaThread "Unconstrained build operations Thread 12" [_thread_blocked, id=20384, stack(0x00000090d5100000,0x00000090d5200000)]
  0x0000028074d47800 JavaThread "Unconstrained build operations Thread 13" [_thread_blocked, id=15876, stack(0x00000090d5200000,0x00000090d5300000)]
  0x0000028074d46000 JavaThread "Unconstrained build operations Thread 14" [_thread_blocked, id=14036, stack(0x00000090d5300000,0x00000090d5400000)]
  0x0000028074d49000 JavaThread "Unconstrained build operations Thread 15" [_thread_blocked, id=15204, stack(0x00000090d5400000,0x00000090d5500000)]
  0x0000028074d4a800 JavaThread "Unconstrained build operations Thread 16" [_thread_blocked, id=13648, stack(0x00000090d5500000,0x00000090d5600000)]
  0x0000028074d4c800 JavaThread "Unconstrained build operations Thread 17" [_thread_blocked, id=5644, stack(0x00000090d5600000,0x00000090d5700000)]
  0x0000028074d46800 JavaThread "Unconstrained build operations Thread 18" [_thread_blocked, id=4468, stack(0x00000090d5700000,0x00000090d5800000)]
  0x0000028074d52000 JavaThread "Unconstrained build operations Thread 19" [_thread_blocked, id=12268, stack(0x00000090d5800000,0x00000090d5900000)]
  0x0000028074d52800 JavaThread "Unconstrained build operations Thread 20" [_thread_blocked, id=24184, stack(0x00000090d5900000,0x00000090d5a00000)]
  0x0000028074d53800 JavaThread "Unconstrained build operations Thread 21" [_thread_blocked, id=12584, stack(0x00000090d5a00000,0x00000090d5b00000)]
  0x0000028074d4e000 JavaThread "Unconstrained build operations Thread 22" [_thread_blocked, id=17940, stack(0x00000090d5b00000,0x00000090d5c00000)]
  0x0000028074d4f800 JavaThread "Unconstrained build operations Thread 23" [_thread_blocked, id=18504, stack(0x00000090d5c00000,0x00000090d5d00000)]
  0x0000028074d50800 JavaThread "Unconstrained build operations Thread 24" [_thread_blocked, id=14632, stack(0x00000090d5d00000,0x00000090d5e00000)]
  0x0000028074d51000 JavaThread "Unconstrained build operations Thread 25" [_thread_blocked, id=12928, stack(0x00000090d5e00000,0x00000090d5f00000)]
  0x0000028074d54800 JavaThread "Unconstrained build operations Thread 26" [_thread_blocked, id=21484, stack(0x00000090d5f00000,0x00000090d6000000)]
  0x0000028074d4e800 JavaThread "Unconstrained build operations Thread 27" [_thread_blocked, id=20936, stack(0x00000090d6000000,0x00000090d6100000)]
  0x00000280785cc800 JavaThread "Unconstrained build operations Thread 28" [_thread_blocked, id=1420, stack(0x00000090d6100000,0x00000090d6200000)]
  0x00000280785cb800 JavaThread "Unconstrained build operations Thread 29" [_thread_blocked, id=11740, stack(0x00000090d6200000,0x00000090d6300000)]
  0x00000280785ca000 JavaThread "Unconstrained build operations Thread 30" [_thread_blocked, id=1304, stack(0x00000090d6300000,0x00000090d6400000)]
  0x00000280785ca800 JavaThread "Unconstrained build operations Thread 31" [_thread_blocked, id=23368, stack(0x00000090d6400000,0x00000090d6500000)]
  0x00000280785cd000 JavaThread "Unconstrained build operations Thread 32" [_thread_blocked, id=21044, stack(0x00000090d6500000,0x00000090d6600000)]
  0x00000280785c8800 JavaThread "Unconstrained build operations Thread 33" [_thread_blocked, id=5512, stack(0x00000090d6600000,0x00000090d6700000)]
  0x00000280785ce000 JavaThread "Unconstrained build operations Thread 34" [_thread_blocked, id=19916, stack(0x00000090d6700000,0x00000090d6800000)]
  0x00000280785cf000 JavaThread "Unconstrained build operations Thread 35" [_thread_blocked, id=13200, stack(0x00000090d6800000,0x00000090d6900000)]
  0x00000280785c9000 JavaThread "Unconstrained build operations Thread 36" [_thread_blocked, id=18944, stack(0x00000090d6900000,0x00000090d6a00000)]
  0x00000280785d0800 JavaThread "Unconstrained build operations Thread 37" [_thread_blocked, id=21564, stack(0x00000090d6a00000,0x00000090d6b00000)]
  0x00000280785cf800 JavaThread "Unconstrained build operations Thread 38" [_thread_blocked, id=2412, stack(0x00000090d6b00000,0x00000090d6c00000)]
  0x00000280785d6000 JavaThread "Unconstrained build operations Thread 39" [_thread_blocked, id=17848, stack(0x00000090d6c00000,0x00000090d6d00000)]
  0x00000280785d7000 JavaThread "Unconstrained build operations Thread 40" [_thread_blocked, id=9000, stack(0x00000090d6d00000,0x00000090d6e00000)]
  0x00000280785d2000 JavaThread "Unconstrained build operations Thread 41" [_thread_blocked, id=17532, stack(0x00000090d6e00000,0x00000090d6f00000)]
  0x00000280785d1800 JavaThread "Unconstrained build operations Thread 42" [_thread_blocked, id=15140, stack(0x00000090d6f00000,0x00000090d7000000)]
  0x00000280785d3000 JavaThread "Unconstrained build operations Thread 43" [_thread_blocked, id=15048, stack(0x00000090d7000000,0x00000090d7100000)]
  0x00000280785d3800 JavaThread "Unconstrained build operations Thread 44" [_thread_blocked, id=12228, stack(0x00000090d7100000,0x00000090d7200000)]
  0x00000280785d5800 JavaThread "Unconstrained build operations Thread 45" [_thread_blocked, id=22960, stack(0x00000090d7200000,0x00000090d7300000)]
  0x00000280785d4800 JavaThread "Unconstrained build operations Thread 46" [_thread_blocked, id=21112, stack(0x00000090d7300000,0x00000090d7400000)]
  0x0000028074455800 JavaThread "Unconstrained build operations Thread 47" [_thread_blocked, id=15168, stack(0x00000090d7400000,0x00000090d7500000)]
  0x0000028074454800 JavaThread "Unconstrained build operations Thread 48" [_thread_blocked, id=4144, stack(0x00000090d7500000,0x00000090d7600000)]
  0x000002807445c000 JavaThread "Unconstrained build operations Thread 49" [_thread_blocked, id=14528, stack(0x00000090d7600000,0x00000090d7700000)]
  0x0000028074459800 JavaThread "Unconstrained build operations Thread 50" [_thread_blocked, id=1524, stack(0x00000090d7700000,0x00000090d7800000)]
  0x000002807445a800 JavaThread "Unconstrained build operations Thread 51" [_thread_blocked, id=21664, stack(0x00000090d7800000,0x00000090d7900000)]
  0x0000028074456800 JavaThread "Unconstrained build operations Thread 52" [_thread_blocked, id=3972, stack(0x00000090d7900000,0x00000090d7a00000)]
  0x000002807445b000 JavaThread "Unconstrained build operations Thread 53" [_thread_blocked, id=1140, stack(0x00000090d7a00000,0x00000090d7b00000)]
  0x000002807445d000 JavaThread "Unconstrained build operations Thread 54" [_thread_blocked, id=14368, stack(0x00000090d7b00000,0x00000090d7c00000)]
  0x0000028074457000 JavaThread "Unconstrained build operations Thread 55" [_thread_blocked, id=20616, stack(0x00000090d7c00000,0x00000090d7d00000)]
  0x000002807445d800 JavaThread "Unconstrained build operations Thread 56" [_thread_blocked, id=10472, stack(0x00000090d7d00000,0x00000090d7e00000)]
  0x0000028074459000 JavaThread "Unconstrained build operations Thread 57" [_thread_blocked, id=12388, stack(0x00000090d7e00000,0x00000090d7f00000)]
  0x0000028074458000 JavaThread "Unconstrained build operations Thread 58" [_thread_blocked, id=3840, stack(0x00000090d7f00000,0x00000090d8000000)]
  0x0000028074462800 JavaThread "Unconstrained build operations Thread 59" [_thread_blocked, id=21276, stack(0x00000090d8000000,0x00000090d8100000)]
  0x0000028074460000 JavaThread "Unconstrained build operations Thread 60" [_thread_blocked, id=24152, stack(0x00000090d8100000,0x00000090d8200000)]
  0x0000028074461000 JavaThread "Unconstrained build operations Thread 61" [_thread_blocked, id=1112, stack(0x00000090d8200000,0x00000090d8300000)]
  0x000002807445e800 JavaThread "Unconstrained build operations Thread 62" [_thread_blocked, id=21764, stack(0x00000090d8300000,0x00000090d8400000)]
  0x000002807445f800 JavaThread "Unconstrained build operations Thread 63" [_thread_blocked, id=2264, stack(0x00000090d8400000,0x00000090d8500000)]
  0x0000028074462000 JavaThread "Unconstrained build operations Thread 64" [_thread_blocked, id=5840, stack(0x00000090d8500000,0x00000090d8600000)]
  0x0000028074463800 JavaThread "Unconstrained build operations Thread 65" [_thread_blocked, id=13052, stack(0x00000090d8600000,0x00000090d8700000)]
  0x0000028072d61800 JavaThread "Unconstrained build operations Thread 66" [_thread_blocked, id=6400, stack(0x00000090d8700000,0x00000090d8800000)]
  0x0000028072d64800 JavaThread "Unconstrained build operations Thread 67" [_thread_blocked, id=20960, stack(0x00000090d8800000,0x00000090d8900000)]
  0x0000028072d62000 JavaThread "Unconstrained build operations Thread 68" [_thread_blocked, id=15788, stack(0x00000090d8900000,0x00000090d8a00000)]
  0x0000028072d63000 JavaThread "Unconstrained build operations Thread 69" [_thread_blocked, id=18520, stack(0x00000090d8a00000,0x00000090d8b00000)]
  0x0000028072d65800 JavaThread "Unconstrained build operations Thread 70" [_thread_blocked, id=14388, stack(0x00000090d8b00000,0x00000090d8c00000)]
  0x0000028072d60800 JavaThread "Unconstrained build operations Thread 71" [_thread_blocked, id=15632, stack(0x00000090d8c00000,0x00000090d8d00000)]
  0x0000028072d64000 JavaThread "Unconstrained build operations Thread 72" [_thread_blocked, id=22768, stack(0x00000090d8d00000,0x00000090d8e00000)]
  0x0000028072d60000 JavaThread "Unconstrained build operations Thread 73" [_thread_blocked, id=20316, stack(0x00000090d8e00000,0x00000090d8f00000)]
  0x0000028072d66800 JavaThread "Unconstrained build operations Thread 74" [_thread_blocked, id=21272, stack(0x00000090d8f00000,0x00000090d9000000)]
  0x0000028072d6a800 JavaThread "Unconstrained build operations Thread 75" [_thread_blocked, id=14580, stack(0x00000090d9000000,0x00000090d9100000)]
  0x0000028072d69800 JavaThread "Unconstrained build operations Thread 76" [_thread_blocked, id=22520, stack(0x00000090d9100000,0x00000090d9200000)]
  0x0000028072d6b000 JavaThread "Unconstrained build operations Thread 77" [_thread_blocked, id=15136, stack(0x00000090d9200000,0x00000090d9300000)]
  0x0000028072d6c000 JavaThread "Unconstrained build operations Thread 78" [_thread_blocked, id=20052, stack(0x00000090d9300000,0x00000090d9400000)]
  0x0000028072d69000 JavaThread "Unconstrained build operations Thread 79" [_thread_blocked, id=13236, stack(0x00000090d9400000,0x00000090d9500000)]
  0x0000028072d6d000 JavaThread "Unconstrained build operations Thread 80" [_thread_blocked, id=8556, stack(0x00000090d9500000,0x00000090d9600000)]
  0x0000028072d67000 JavaThread "build event listener" [_thread_blocked, id=22120, stack(0x00000090d9600000,0x00000090d9700000)]
  0x0000028072d68000 JavaThread "Execution worker for ':'" [_thread_blocked, id=24012, stack(0x00000090d9700000,0x00000090d9800000)]
  0x0000028072d6d800 JavaThread "Execution worker for ':' Thread 2" [_thread_blocked, id=22368, stack(0x00000090d9800000,0x00000090d9900000)]
  0x0000028072d6e800 JavaThread "Execution worker for ':' Thread 3" [_thread_blocked, id=20684, stack(0x00000090d9a00000,0x00000090d9b00000)]
  0x0000028078633800 JavaThread "Execution worker for ':' Thread 4" [_thread_blocked, id=23664, stack(0x00000090d9b00000,0x00000090d9c00000)]
  0x0000028078630800 JavaThread "Execution worker for ':' Thread 5" [_thread_blocked, id=2168, stack(0x00000090d9c00000,0x00000090d9d00000)]
  0x0000028078634800 JavaThread "Execution worker for ':' Thread 6" [_thread_blocked, id=9508, stack(0x00000090d9d00000,0x00000090d9e00000)]
  0x0000028078637000 JavaThread "Execution worker for ':' Thread 7" [_thread_in_Java, id=22028, stack(0x00000090d9e00000,0x00000090d9f00000)]
  0x0000028078631000 JavaThread "Cache worker for execution history cache (D:\ANDROID STUDIO PROJECTS\Quizzer\.gradle\7.2\executionHistory)" [_thread_blocked, id=16788, stack(0x00000090d9f00000,0x00000090da000000)]

Other Threads:
  0x000002806b4d1800 VMThread "VM Thread" [stack: 0x00000090d1500000,0x00000090d1600000] [id=21344]
  0x000002806bfc4800 WatcherThread [stack: 0x00000090d1f00000,0x00000090d2000000] [id=17816]
  0x000002804f09b000 GCTaskThread "GC Thread#0" [stack: 0x00000090d1000000,0x00000090d1100000] [id=7160]
  0x000002806c398000 GCTaskThread "GC Thread#1" [stack: 0x00000090d2100000,0x00000090d2200000] [id=21796]
  0x000002806c2a6000 GCTaskThread "GC Thread#2" [stack: 0x00000090d2200000,0x00000090d2300000] [id=1824]
  0x000002806d8cb800 GCTaskThread "GC Thread#3" [stack: 0x00000090d2c00000,0x00000090d2d00000] [id=18488]
  0x000002806cd69800 GCTaskThread "GC Thread#4" [stack: 0x00000090d2d00000,0x00000090d2e00000] [id=12208]
  0x000002806de94000 GCTaskThread "GC Thread#5" [stack: 0x00000090d2e00000,0x00000090d2f00000] [id=14768]
  0x000002806de94800 GCTaskThread "GC Thread#6" [stack: 0x00000090d2f00000,0x00000090d3000000] [id=24068]
  0x000002806e28d800 GCTaskThread "GC Thread#7" [stack: 0x00000090d3000000,0x00000090d3100000] [id=22316]
  0x000002804f0d0000 ConcurrentGCThread "G1 Main Marker" [stack: 0x00000090d1100000,0x00000090d1200000] [id=7540]
=>0x000002804f0d1000 ConcurrentGCThread "G1 Conc#0" [stack: 0x00000090d1200000,0x00000090d1300000] [id=9336]
  0x000002806e271000 ConcurrentGCThread "G1 Conc#1" [stack: 0x00000090d3300000,0x00000090d3400000] [id=7740]
  0x000002804f15e000 ConcurrentGCThread "G1 Refine#0" [stack: 0x00000090d1300000,0x00000090d1400000] [id=22588]
  0x000002806b324800 ConcurrentGCThread "G1 Young RemSet Sampling" [stack: 0x00000090d1400000,0x00000090d1500000] [id=17248]

Threads with active compile tasks:
C2 CompilerThread01124973 14237 % !   4       com.android.ide.common.resources.DataMerger::mergeData @ 247 (611 bytes)
C2 CompilerThread11124973 14197       4       com.google.common.collect.TransformedIterator::next (14 bytes)
C2 CompilerThread21124973 14348       4       org.apache.xerces.dom.CoreDocumentImpl::undeferChildren (149 bytes)

VM state:not at safepoint (normal execution)

VM Mutex/Monitor currently owned by a thread: None

Heap address: 0x0000000080000000, size: 2048 MB, Compressed Oops mode: 32-bit
Narrow klass base: 0x0000000000000000, Narrow klass shift: 3
Compressed class space size: 1073741824 Address: 0x0000000100000000

Heap:
 garbage-first heap   total 187392K, used 159028K [0x0000000080000000, 0x0000000100000000)
  region size 1024K, 9 young (9216K), 3 survivors (3072K)
 Metaspace       used 102657K, capacity 105752K, committed 105928K, reserved 1140736K
  class space    used 13060K, capacity 14195K, committed 14208K, reserved 1048576K
Heap Regions: E=young(eden), S=young(survivor), O=old, HS=humongous(starts), HC=humongous(continues), CS=collection set, F=free, A=archive, TAMS=top-at-mark-start (previous, next)
|   0|0x0000000080000000, 0x0000000080100000, 0x0000000080100000|100%| O|  |TAMS 0x0000000080100000, 0x0000000080100000| Untracked 
|   1|0x0000000080100000, 0x0000000080200000, 0x0000000080200000|100%| O|  |TAMS 0x0000000080200000, 0x0000000080200000| Untracked 
|   2|0x0000000080200000, 0x0000000080300000, 0x0000000080300000|100%| O|  |TAMS 0x0000000080300000, 0x0000000080300000| Untracked 
|   3|0x0000000080300000, 0x0000000080400000, 0x0000000080400000|100%|HS|  |TAMS 0x0000000080400000, 0x0000000080400000| Complete 
|   4|0x0000000080400000, 0x0000000080500000, 0x0000000080500000|100%|HC|  |TAMS 0x0000000080500000, 0x0000000080500000| Complete 
|   5|0x0000000080500000, 0x0000000080600000, 0x0000000080600000|100%|HC|  |TAMS 0x0000000080600000, 0x0000000080600000| Complete 
|   6|0x0000000080600000, 0x0000000080700000, 0x0000000080700000|100%| O|  |TAMS 0x0000000080700000, 0x0000000080700000| Untracked 
|   7|0x0000000080700000, 0x0000000080800000, 0x0000000080800000|100%| O|  |TAMS 0x0000000080800000, 0x0000000080800000| Untracked 
|   8|0x0000000080800000, 0x0000000080900000, 0x0000000080900000|100%| O|  |TAMS 0x0000000080900000, 0x0000000080900000| Untracked 
|   9|0x0000000080900000, 0x0000000080a00000, 0x0000000080a00000|100%| O|  |TAMS 0x0000000080a00000, 0x0000000080a00000| Untracked 
|  10|0x0000000080a00000, 0x0000000080b00000, 0x0000000080b00000|100%| O|  |TAMS 0x0000000080b00000, 0x0000000080b00000| Untracked 
|  11|0x0000000080b00000, 0x0000000080c00000, 0x0000000080c00000|100%| O|  |TAMS 0x0000000080c00000, 0x0000000080c00000| Untracked 
|  12|0x0000000080c00000, 0x0000000080d00000, 0x0000000080d00000|100%| O|  |TAMS 0x0000000080d00000, 0x0000000080d00000| Untracked 
|  13|0x0000000080d00000, 0x0000000080e00000, 0x0000000080e00000|100%| O|  |TAMS 0x0000000080e00000, 0x0000000080e00000| Untracked 
|  14|0x0000000080e00000, 0x0000000080f00000, 0x0000000080f00000|100%| O|  |TAMS 0x0000000080f00000, 0x0000000080f00000| Untracked 
|  15|0x0000000080f00000, 0x0000000081000000, 0x0000000081000000|100%| O|  |TAMS 0x0000000081000000, 0x0000000081000000| Untracked 
|  16|0x0000000081000000, 0x0000000081100000, 0x0000000081100000|100%| O|  |TAMS 0x0000000081100000, 0x0000000081100000| Untracked 
|  17|0x0000000081100000, 0x0000000081200000, 0x0000000081200000|100%|HS|  |TAMS 0x0000000081200000, 0x0000000081200000| Complete 
|  18|0x0000000081200000, 0x0000000081300000, 0x0000000081300000|100%|HC|  |TAMS 0x0000000081300000, 0x0000000081300000| Complete 
|  19|0x0000000081300000, 0x0000000081400000, 0x0000000081400000|100%|HS|  |TAMS 0x0000000081400000, 0x0000000081400000| Complete 
|  20|0x0000000081400000, 0x0000000081500000, 0x0000000081500000|100%|HC|  |TAMS 0x0000000081500000, 0x0000000081500000| Complete 
|  21|0x0000000081500000, 0x0000000081600000, 0x0000000081600000|100%|HC|  |TAMS 0x0000000081600000, 0x0000000081600000| Complete 
|  22|0x0000000081600000, 0x0000000081700000, 0x0000000081700000|100%|HS|  |TAMS 0x0000000081700000, 0x0000000081700000| Complete 
|  23|0x0000000081700000, 0x0000000081800000, 0x0000000081800000|100%|HC|  |TAMS 0x0000000081800000, 0x0000000081800000| Complete 
|  24|0x0000000081800000, 0x0000000081900000, 0x0000000081900000|100%|HC|  |TAMS 0x0000000081900000, 0x0000000081900000| Complete 
|  25|0x0000000081900000, 0x0000000081a00000, 0x0000000081a00000|100%|HC|  |TAMS 0x0000000081a00000, 0x0000000081a00000| Complete 
|  26|0x0000000081a00000, 0x0000000081b00000, 0x0000000081b00000|100%| O|  |TAMS 0x0000000081b00000, 0x0000000081b00000| Untracked 
|  27|0x0000000081b00000, 0x0000000081c00000, 0x0000000081c00000|100%| O|  |TAMS 0x0000000081c00000, 0x0000000081c00000| Untracked 
|  28|0x0000000081c00000, 0x0000000081d00000, 0x0000000081d00000|100%| O|  |TAMS 0x0000000081d00000, 0x0000000081d00000| Untracked 
|  29|0x0000000081d00000, 0x0000000081e00000, 0x0000000081e00000|100%| O|  |TAMS 0x0000000081e00000, 0x0000000081e00000| Untracked 
|  30|0x0000000081e00000, 0x0000000081f00000, 0x0000000081f00000|100%| O|  |TAMS 0x0000000081f00000, 0x0000000081f00000| Untracked 
|  31|0x0000000081f00000, 0x0000000082000000, 0x0000000082000000|100%| O|  |TAMS 0x0000000082000000, 0x0000000082000000| Untracked 
|  32|0x0000000082000000, 0x0000000082100000, 0x0000000082100000|100%| O|  |TAMS 0x0000000082100000, 0x0000000082100000| Untracked 
|  33|0x0000000082100000, 0x0000000082200000, 0x0000000082200000|100%|HS|  |TAMS 0x0000000082200000, 0x0000000082200000| Complete 
|  34|0x0000000082200000, 0x0000000082300000, 0x0000000082300000|100%|HC|  |TAMS 0x0000000082300000, 0x0000000082300000| Complete 
|  35|0x0000000082300000, 0x0000000082400000, 0x0000000082400000|100%|HC|  |TAMS 0x0000000082400000, 0x0000000082400000| Complete 
|  36|0x0000000082400000, 0x0000000082500000, 0x0000000082500000|100%| O|  |TAMS 0x0000000082500000, 0x0000000082500000| Untracked 
|  37|0x0000000082500000, 0x0000000082600000, 0x0000000082600000|100%| O|  |TAMS 0x0000000082600000, 0x0000000082600000| Untracked 
|  38|0x0000000082600000, 0x0000000082700000, 0x0000000082700000|100%| O|  |TAMS 0x0000000082700000, 0x0000000082700000| Untracked 
|  39|0x0000000082700000, 0x0000000082800000, 0x0000000082800000|100%| O|  |TAMS 0x0000000082800000, 0x0000000082800000| Untracked 
|  40|0x0000000082800000, 0x0000000082900000, 0x0000000082900000|100%| O|  |TAMS 0x0000000082900000, 0x0000000082900000| Untracked 
|  41|0x0000000082900000, 0x0000000082a00000, 0x0000000082a00000|100%| O|  |TAMS 0x0000000082a00000, 0x0000000082a00000| Untracked 
|  42|0x0000000082a00000, 0x0000000082b00000, 0x0000000082b00000|100%| O|  |TAMS 0x0000000082b00000, 0x0000000082b00000| Untracked 
|  43|0x0000000082b00000, 0x0000000082c00000, 0x0000000082c00000|100%| O|  |TAMS 0x0000000082c00000, 0x0000000082c00000| Untracked 
|  44|0x0000000082c00000, 0x0000000082d00000, 0x0000000082d00000|100%| O|  |TAMS 0x0000000082d00000, 0x0000000082d00000| Untracked 
|  45|0x0000000082d00000, 0x0000000082e00000, 0x0000000082e00000|100%| O|  |TAMS 0x0000000082e00000, 0x0000000082e00000| Untracked 
|  46|0x0000000082e00000, 0x0000000082f00000, 0x0000000082f00000|100%|HS|  |TAMS 0x0000000082f00000, 0x0000000082f00000| Complete 
|  47|0x0000000082f00000, 0x0000000083000000, 0x0000000083000000|100%|HC|  |TAMS 0x0000000083000000, 0x0000000083000000| Complete 
|  48|0x0000000083000000, 0x0000000083100000, 0x0000000083100000|100%|HC|  |TAMS 0x0000000083100000, 0x0000000083100000| Complete 
|  49|0x0000000083100000, 0x0000000083200000, 0x0000000083200000|100%|HC|  |TAMS 0x0000000083200000, 0x0000000083200000| Complete 
|  50|0x0000000083200000, 0x0000000083300000, 0x0000000083300000|100%| O|  |TAMS 0x0000000083300000, 0x0000000083300000| Untracked 
|  51|0x0000000083300000, 0x0000000083400000, 0x0000000083400000|100%| O|  |TAMS 0x0000000083400000, 0x0000000083400000| Untracked 
|  52|0x0000000083400000, 0x0000000083500000, 0x0000000083500000|100%|HS|  |TAMS 0x0000000083500000, 0x0000000083500000| Complete 
|  53|0x0000000083500000, 0x0000000083600000, 0x0000000083600000|100%|HS|  |TAMS 0x0000000083600000, 0x0000000083600000| Complete 
|  54|0x0000000083600000, 0x0000000083700000, 0x0000000083700000|100%|HS|  |TAMS 0x0000000083700000, 0x0000000083700000| Complete 
|  55|0x0000000083700000, 0x0000000083800000, 0x0000000083800000|100%|HS|  |TAMS 0x0000000083800000, 0x0000000083800000| Complete 
|  56|0x0000000083800000, 0x0000000083900000, 0x0000000083900000|100%|HC|  |TAMS 0x0000000083900000, 0x0000000083900000| Complete 
|  57|0x0000000083900000, 0x0000000083a00000, 0x0000000083a00000|100%| O|  |TAMS 0x0000000083a00000, 0x0000000083a00000| Untracked 
|  58|0x0000000083a00000, 0x0000000083b00000, 0x0000000083b00000|100%| O|  |TAMS 0x0000000083b00000, 0x0000000083b00000| Untracked 
|  59|0x0000000083b00000, 0x0000000083c00000, 0x0000000083c00000|100%| O|  |TAMS 0x0000000083c00000, 0x0000000083c00000| Untracked 
|  60|0x0000000083c00000, 0x0000000083d00000, 0x0000000083d00000|100%| O|  |TAMS 0x0000000083d00000, 0x0000000083d00000| Untracked 
|  61|0x0000000083d00000, 0x0000000083e00000, 0x0000000083e00000|100%| O|  |TAMS 0x0000000083e00000, 0x0000000083e00000| Untracked 
|  62|0x0000000083e00000, 0x0000000083f00000, 0x0000000083f00000|100%| O|  |TAMS 0x0000000083f00000, 0x0000000083f00000| Untracked 
|  63|0x0000000083f00000, 0x0000000084000000, 0x0000000084000000|100%| O|  |TAMS 0x0000000084000000, 0x0000000084000000| Untracked 
|  64|0x0000000084000000, 0x0000000084100000, 0x0000000084100000|100%| O|  |TAMS 0x0000000084100000, 0x0000000084100000| Untracked 
|  65|0x0000000084100000, 0x0000000084200000, 0x0000000084200000|100%| O|  |TAMS 0x0000000084200000, 0x0000000084200000| Untracked 
|  66|0x0000000084200000, 0x0000000084300000, 0x0000000084300000|100%| O|  |TAMS 0x0000000084300000, 0x0000000084300000| Untracked 
|  67|0x0000000084300000, 0x0000000084400000, 0x0000000084400000|100%| O|  |TAMS 0x0000000084400000, 0x0000000084400000| Untracked 
|  68|0x0000000084400000, 0x0000000084500000, 0x0000000084500000|100%| O|  |TAMS 0x0000000084500000, 0x0000000084500000| Untracked 
|  69|0x0000000084500000, 0x0000000084600000, 0x0000000084600000|100%| O|  |TAMS 0x0000000084600000, 0x0000000084600000| Untracked 
|  70|0x0000000084600000, 0x0000000084700000, 0x0000000084700000|100%| O|  |TAMS 0x0000000084700000, 0x0000000084700000| Untracked 
|  71|0x0000000084700000, 0x0000000084800000, 0x0000000084800000|100%| O|  |TAMS 0x0000000084800000, 0x0000000084800000| Untracked 
|  72|0x0000000084800000, 0x0000000084900000, 0x0000000084900000|100%| O|  |TAMS 0x0000000084900000, 0x0000000084900000| Untracked 
|  73|0x0000000084900000, 0x0000000084a00000, 0x0000000084a00000|100%| O|  |TAMS 0x0000000084a00000, 0x0000000084a00000| Untracked 
|  74|0x0000000084a00000, 0x0000000084b00000, 0x0000000084b00000|100%| O|  |TAMS 0x0000000084b00000, 0x0000000084b00000| Untracked 
|  75|0x0000000084b00000, 0x0000000084c00000, 0x0000000084c00000|100%| O|  |TAMS 0x0000000084c00000, 0x0000000084c00000| Untracked 
|  76|0x0000000084c00000, 0x0000000084d00000, 0x0000000084d00000|100%| O|  |TAMS 0x0000000084d00000, 0x0000000084d00000| Untracked 
|  77|0x0000000084d00000, 0x0000000084e00000, 0x0000000084e00000|100%| O|  |TAMS 0x0000000084e00000, 0x0000000084e00000| Untracked 
|  78|0x0000000084e00000, 0x0000000084f00000, 0x0000000084f00000|100%| O|  |TAMS 0x0000000084f00000, 0x0000000084f00000| Untracked 
|  79|0x0000000084f00000, 0x0000000085000000, 0x0000000085000000|100%| O|  |TAMS 0x0000000085000000, 0x0000000085000000| Untracked 
|  80|0x0000000085000000, 0x0000000085100000, 0x0000000085100000|100%| O|  |TAMS 0x0000000085100000, 0x0000000085100000| Untracked 
|  81|0x0000000085100000, 0x0000000085200000, 0x0000000085200000|100%| O|  |TAMS 0x0000000085200000, 0x0000000085200000| Untracked 
|  82|0x0000000085200000, 0x0000000085300000, 0x0000000085300000|100%|HS|  |TAMS 0x0000000085300000, 0x0000000085300000| Complete 
|  83|0x0000000085300000, 0x0000000085400000, 0x0000000085400000|100%|HC|  |TAMS 0x0000000085400000, 0x0000000085400000| Complete 
|  84|0x0000000085400000, 0x0000000085500000, 0x0000000085500000|100%|HS|  |TAMS 0x0000000085500000, 0x0000000085500000| Complete 
|  85|0x0000000085500000, 0x0000000085600000, 0x0000000085600000|100%|HC|  |TAMS 0x0000000085600000, 0x0000000085600000| Complete 
|  86|0x0000000085600000, 0x0000000085700000, 0x0000000085700000|100%|HC|  |TAMS 0x0000000085700000, 0x0000000085700000| Complete 
|  87|0x0000000085700000, 0x0000000085800000, 0x0000000085800000|100%|HS|  |TAMS 0x0000000085800000, 0x0000000085800000| Complete 
|  88|0x0000000085800000, 0x0000000085900000, 0x0000000085900000|100%|HC|  |TAMS 0x0000000085900000, 0x0000000085900000| Complete 
|  89|0x0000000085900000, 0x0000000085a00000, 0x0000000085a00000|100%|HC|  |TAMS 0x0000000085a00000, 0x0000000085a00000| Complete 
|  90|0x0000000085a00000, 0x0000000085b00000, 0x0000000085b00000|100%|HC|  |TAMS 0x0000000085b00000, 0x0000000085b00000| Complete 
|  91|0x0000000085b00000, 0x0000000085c00000, 0x0000000085c00000|100%| O|  |TAMS 0x0000000085c00000, 0x0000000085c00000| Untracked 
|  92|0x0000000085c00000, 0x0000000085d00000, 0x0000000085d00000|100%| O|  |TAMS 0x0000000085c00000, 0x0000000085d00000| Untracked 
|  93|0x0000000085d00000, 0x0000000085e00000, 0x0000000085e00000|100%| O|  |TAMS 0x0000000085e00000, 0x0000000085e00000| Untracked 
|  94|0x0000000085e00000, 0x0000000085f00000, 0x0000000085f00000|100%| O|  |TAMS 0x0000000085f00000, 0x0000000085f00000| Untracked 
|  95|0x0000000085f00000, 0x0000000086000000, 0x0000000086000000|100%| O|  |TAMS 0x0000000086000000, 0x0000000086000000| Untracked 
|  96|0x0000000086000000, 0x0000000086100000, 0x0000000086100000|100%| O|  |TAMS 0x0000000086100000, 0x0000000086100000| Untracked 
|  97|0x0000000086100000, 0x0000000086200000, 0x0000000086200000|100%| O|  |TAMS 0x0000000086200000, 0x0000000086200000| Untracked 
|  98|0x0000000086200000, 0x0000000086300000, 0x0000000086300000|100%| O|  |TAMS 0x0000000086300000, 0x0000000086300000| Untracked 
|  99|0x0000000086300000, 0x0000000086400000, 0x0000000086400000|100%| O|  |TAMS 0x0000000086400000, 0x0000000086400000| Untracked 
| 100|0x0000000086400000, 0x0000000086500000, 0x0000000086500000|100%| O|  |TAMS 0x0000000086500000, 0x0000000086500000| Untracked 
| 101|0x0000000086500000, 0x000000008654d000, 0x0000000086600000| 30%| O|  |TAMS 0x0000000086500000, 0x000000008654d000| Untracked 
| 102|0x0000000086600000, 0x0000000086700000, 0x0000000086700000|100%| O|  |TAMS 0x0000000086700000, 0x0000000086700000| Untracked 
| 103|0x0000000086700000, 0x0000000086800000, 0x0000000086800000|100%| O|  |TAMS 0x0000000086800000, 0x0000000086800000| Untracked 
| 104|0x0000000086800000, 0x0000000086900000, 0x0000000086900000|100%| O|  |TAMS 0x0000000086900000, 0x0000000086900000| Untracked 
| 105|0x0000000086900000, 0x0000000086a00000, 0x0000000086a00000|100%| O|  |TAMS 0x0000000086a00000, 0x0000000086a00000| Untracked 
| 106|0x0000000086a00000, 0x0000000086b00000, 0x0000000086b00000|100%| O|  |TAMS 0x0000000086b00000, 0x0000000086b00000| Untracked 
| 107|0x0000000086b00000, 0x0000000086c00000, 0x0000000086c00000|100%| O|  |TAMS 0x0000000086c00000, 0x0000000086c00000| Untracked 
| 108|0x0000000086c00000, 0x0000000086d00000, 0x0000000086d00000|100%| O|  |TAMS 0x0000000086d00000, 0x0000000086d00000| Untracked 
| 109|0x0000000086d00000, 0x0000000086e00000, 0x0000000086e00000|100%| O|  |TAMS 0x0000000086e00000, 0x0000000086e00000| Untracked 
| 110|0x0000000086e00000, 0x0000000086f00000, 0x0000000086f00000|100%| O|  |TAMS 0x0000000086f00000, 0x0000000086f00000| Untracked 
| 111|0x0000000086f00000, 0x0000000087000000, 0x0000000087000000|100%| O|  |TAMS 0x0000000087000000, 0x0000000087000000| Untracked 
| 112|0x0000000087000000, 0x0000000087100000, 0x0000000087100000|100%| O|  |TAMS 0x0000000087000000, 0x0000000087100000| Untracked 
| 113|0x0000000087100000, 0x0000000087200000, 0x0000000087200000|100%| O|  |TAMS 0x0000000087100000, 0x0000000087200000| Untracked 
| 114|0x0000000087200000, 0x0000000087300000, 0x0000000087300000|100%| O|  |TAMS 0x0000000087200000, 0x0000000087300000| Untracked 
| 115|0x0000000087300000, 0x0000000087400000, 0x0000000087400000|100%| O|  |TAMS 0x0000000087300000, 0x0000000087400000| Untracked 
| 116|0x0000000087400000, 0x0000000087500000, 0x0000000087500000|100%| O|  |TAMS 0x0000000087500000, 0x0000000087500000| Untracked 
| 117|0x0000000087500000, 0x0000000087600000, 0x0000000087600000|100%| O|  |TAMS 0x0000000087600000, 0x0000000087600000| Untracked 
| 118|0x0000000087600000, 0x0000000087700000, 0x0000000087700000|100%| O|  |TAMS 0x0000000087700000, 0x0000000087700000| Untracked 
| 119|0x0000000087700000, 0x0000000087800000, 0x0000000087800000|100%| O|  |TAMS 0x0000000087800000, 0x0000000087800000| Untracked 
| 120|0x0000000087800000, 0x0000000087900000, 0x0000000087900000|100%| O|  |TAMS 0x0000000087900000, 0x0000000087900000| Untracked 
| 121|0x0000000087900000, 0x0000000087a00000, 0x0000000087a00000|100%| O|  |TAMS 0x0000000087a00000, 0x0000000087a00000| Untracked 
| 122|0x0000000087a00000, 0x0000000087b00000, 0x0000000087b00000|100%| O|  |TAMS 0x0000000087b00000, 0x0000000087b00000| Untracked 
| 123|0x0000000087b00000, 0x0000000087c00000, 0x0000000087c00000|100%| O|  |TAMS 0x0000000087c00000, 0x0000000087c00000| Untracked 
| 124|0x0000000087c00000, 0x0000000087d00000, 0x0000000087d00000|100%| O|  |TAMS 0x0000000087d00000, 0x0000000087d00000| Untracked 
| 125|0x0000000087d00000, 0x0000000087e00000, 0x0000000087e00000|100%| O|  |TAMS 0x0000000087d7ea00, 0x0000000087e00000| Untracked 
| 126|0x0000000087e00000, 0x0000000087f00000, 0x0000000087f00000|100%| O|  |TAMS 0x0000000087e00000, 0x0000000087f00000| Untracked 
| 127|0x0000000087f00000, 0x0000000088000000, 0x0000000088000000|100%| O|  |TAMS 0x0000000087f00000, 0x0000000088000000| Untracked 
| 128|0x0000000088000000, 0x0000000088100000, 0x0000000088100000|100%| O|  |TAMS 0x0000000088000000, 0x0000000088100000| Untracked 
| 129|0x0000000088100000, 0x0000000088200000, 0x0000000088200000|100%| O|  |TAMS 0x0000000088100000, 0x0000000088200000| Untracked 
| 130|0x0000000088200000, 0x0000000088300000, 0x0000000088300000|100%| O|  |TAMS 0x0000000088200000, 0x0000000088300000| Untracked 
| 131|0x0000000088300000, 0x0000000088400000, 0x0000000088400000|100%| O|  |TAMS 0x0000000088300000, 0x0000000088400000| Untracked 
| 132|0x0000000088400000, 0x0000000088500000, 0x0000000088500000|100%| O|  |TAMS 0x0000000088400000, 0x0000000088500000| Untracked 
| 133|0x0000000088500000, 0x0000000088600000, 0x0000000088600000|100%| O|  |TAMS 0x0000000088500000, 0x0000000088600000| Untracked 
| 134|0x0000000088600000, 0x0000000088700000, 0x0000000088700000|100%| O|  |TAMS 0x0000000088600000, 0x0000000088700000| Untracked 
| 135|0x0000000088700000, 0x0000000088800000, 0x0000000088800000|100%| O|  |TAMS 0x0000000088700000, 0x0000000088800000| Untracked 
| 136|0x0000000088800000, 0x0000000088900000, 0x0000000088900000|100%| O|  |TAMS 0x0000000088800000, 0x0000000088900000| Untracked 
| 137|0x0000000088900000, 0x0000000088a00000, 0x0000000088a00000|100%| O|  |TAMS 0x0000000088900000, 0x0000000088a00000| Untracked 
| 138|0x0000000088a00000, 0x0000000088b00000, 0x0000000088b00000|100%| O|  |TAMS 0x0000000088a00000, 0x0000000088b00000| Untracked 
| 139|0x0000000088b00000, 0x0000000088c00000, 0x0000000088c00000|100%| O|  |TAMS 0x0000000088b00000, 0x0000000088c00000| Untracked 
| 140|0x0000000088c00000, 0x0000000088d00000, 0x0000000088d00000|100%|HS|  |TAMS 0x0000000088c00000, 0x0000000088c00000| Complete 
| 141|0x0000000088d00000, 0x0000000088e00000, 0x0000000088e00000|100%|HS|  |TAMS 0x0000000088d00000, 0x0000000088d00000| Complete 
| 142|0x0000000088e00000, 0x0000000088f00000, 0x0000000088f00000|100%|HC|  |TAMS 0x0000000088e00000, 0x0000000088e00000| Complete 
| 143|0x0000000088f00000, 0x0000000089000000, 0x0000000089000000|100%|HS|  |TAMS 0x0000000088f00000, 0x0000000088f00000| Complete 
| 144|0x0000000089000000, 0x0000000089100000, 0x0000000089100000|100%|HS|  |TAMS 0x0000000089000000, 0x0000000089000000| Complete 
| 145|0x0000000089100000, 0x0000000089200000, 0x0000000089200000|100%|HC|  |TAMS 0x0000000089100000, 0x0000000089100000| Complete 
| 146|0x0000000089200000, 0x0000000089300000, 0x0000000089300000|100%|HS|  |TAMS 0x0000000089200000, 0x0000000089200000| Complete 
| 147|0x0000000089300000, 0x0000000089400000, 0x0000000089400000|100%|HC|  |TAMS 0x0000000089300000, 0x0000000089300000| Complete 
| 148|0x0000000089400000, 0x0000000089400000, 0x0000000089500000|  0%| F|  |TAMS 0x0000000089400000, 0x0000000089400000| Untracked 
| 149|0x0000000089500000, 0x0000000089500000, 0x0000000089600000|  0%| F|  |TAMS 0x0000000089500000, 0x0000000089500000| Untracked 
| 150|0x0000000089600000, 0x0000000089600000, 0x0000000089700000|  0%| F|  |TAMS 0x0000000089600000, 0x0000000089600000| Untracked 
| 151|0x0000000089700000, 0x0000000089700000, 0x0000000089800000|  0%| F|  |TAMS 0x0000000089700000, 0x0000000089700000| Untracked 
| 152|0x0000000089800000, 0x0000000089800000, 0x0000000089900000|  0%| F|  |TAMS 0x0000000089800000, 0x0000000089800000| Untracked 
| 153|0x0000000089900000, 0x0000000089900000, 0x0000000089a00000|  0%| F|  |TAMS 0x0000000089900000, 0x0000000089900000| Untracked 
| 154|0x0000000089a00000, 0x0000000089a00000, 0x0000000089b00000|  0%| F|  |TAMS 0x0000000089a00000, 0x0000000089a00000| Untracked 
| 155|0x0000000089b00000, 0x0000000089b00000, 0x0000000089c00000|  0%| F|  |TAMS 0x0000000089b00000, 0x0000000089b00000| Untracked 
| 156|0x0000000089c00000, 0x0000000089c00000, 0x0000000089d00000|  0%| F|  |TAMS 0x0000000089c00000, 0x0000000089c00000| Untracked 
| 157|0x0000000089d00000, 0x0000000089d00000, 0x0000000089e00000|  0%| F|  |TAMS 0x0000000089d00000, 0x0000000089d00000| Untracked 
| 158|0x0000000089e00000, 0x0000000089e00000, 0x0000000089f00000|  0%| F|  |TAMS 0x0000000089e00000, 0x0000000089e00000| Untracked 
| 159|0x0000000089f00000, 0x0000000089f00000, 0x000000008a000000|  0%| F|  |TAMS 0x0000000089f00000, 0x0000000089f00000| Untracked 
| 160|0x000000008a000000, 0x000000008a000000, 0x000000008a100000|  0%| F|  |TAMS 0x000000008a000000, 0x000000008a000000| Untracked 
| 161|0x000000008a100000, 0x000000008a100000, 0x000000008a200000|  0%| F|  |TAMS 0x000000008a100000, 0x000000008a100000| Untracked 
| 162|0x000000008a200000, 0x000000008a200000, 0x000000008a300000|  0%| F|  |TAMS 0x000000008a200000, 0x000000008a200000| Untracked 
| 163|0x000000008a300000, 0x000000008a300000, 0x000000008a400000|  0%| F|  |TAMS 0x000000008a300000, 0x000000008a300000| Untracked 
| 164|0x000000008a400000, 0x000000008a400000, 0x000000008a500000|  0%| F|  |TAMS 0x000000008a400000, 0x000000008a400000| Untracked 
| 165|0x000000008a500000, 0x000000008a500000, 0x000000008a600000|  0%| F|  |TAMS 0x000000008a500000, 0x000000008a500000| Untracked 
| 166|0x000000008a600000, 0x000000008a600000, 0x000000008a700000|  0%| F|  |TAMS 0x000000008a600000, 0x000000008a600000| Untracked 
| 167|0x000000008a700000, 0x000000008a700000, 0x000000008a800000|  0%| F|  |TAMS 0x000000008a700000, 0x000000008a700000| Untracked 
| 168|0x000000008a800000, 0x000000008a800000, 0x000000008a900000|  0%| F|  |TAMS 0x000000008a800000, 0x000000008a800000| Untracked 
| 169|0x000000008a900000, 0x000000008a900000, 0x000000008aa00000|  0%| F|  |TAMS 0x000000008a900000, 0x000000008a900000| Untracked 
| 170|0x000000008aa00000, 0x000000008aa00000, 0x000000008ab00000|  0%| F|  |TAMS 0x000000008aa00000, 0x000000008aa00000| Untracked 
| 171|0x000000008ab00000, 0x000000008ab00000, 0x000000008ac00000|  0%| F|  |TAMS 0x000000008ab00000, 0x000000008ab00000| Untracked 
| 172|0x000000008ac00000, 0x000000008ac00000, 0x000000008ad00000|  0%| F|  |TAMS 0x000000008ac00000, 0x000000008ac00000| Untracked 
| 173|0x000000008ad00000, 0x000000008ae00000, 0x000000008ae00000|100%| S|CS|TAMS 0x000000008ad00000, 0x000000008ad00000| Complete 
| 174|0x000000008ae00000, 0x000000008af00000, 0x000000008af00000|100%| S|CS|TAMS 0x000000008ae00000, 0x000000008ae00000| Complete 
| 175|0x000000008af00000, 0x000000008b000000, 0x000000008b000000|100%| S|CS|TAMS 0x000000008af00000, 0x000000008af00000| Complete 
| 176|0x000000008b000000, 0x000000008b097640, 0x000000008b100000| 59%| E|  |TAMS 0x000000008b000000, 0x000000008b000000| Complete 
| 177|0x000000008b100000, 0x000000008b200000, 0x000000008b200000|100%| E|CS|TAMS 0x000000008b100000, 0x000000008b100000| Complete 
| 178|0x000000008b200000, 0x000000008b300000, 0x000000008b300000|100%| E|CS|TAMS 0x000000008b200000, 0x000000008b200000| Complete 
| 179|0x000000008b300000, 0x000000008b400000, 0x000000008b400000|100%| E|CS|TAMS 0x000000008b300000, 0x000000008b300000| Complete 
| 180|0x000000008b400000, 0x000000008b500000, 0x000000008b500000|100%| E|CS|TAMS 0x000000008b400000, 0x000000008b400000| Complete 
| 181|0x000000008b500000, 0x000000008b600000, 0x000000008b600000|100%| E|CS|TAMS 0x000000008b500000, 0x000000008b500000| Complete 
| 182|0x000000008b600000, 0x000000008b700000, 0x000000008b700000|100%| E|CS|TAMS 0x000000008b600000, 0x000000008b600000| Complete 

Card table byte_map: [0x0000028064200000,0x0000028064600000] _byte_map_base: 0x0000028063e00000

Marking Bits (Prev, Next): (CMBitMap*) 0x000002804f0c7368, (CMBitMap*) 0x000002804f0c73a0
 Prev Bits: [0x0000028064a00000, 0x0000028066a00000)
 Next Bits: [0x0000028066a00000, 0x0000028068a00000)

Polling page: 0x000002804f160000

Metaspace:

Usage:
  Non-class:     89.41 MB capacity,    87.50 MB ( 98%) used,     1.60 MB (  2%) free+waste,   319.69 KB ( <1%) overhead. 
      Class:     13.86 MB capacity,    12.75 MB ( 92%) used,   986.97 KB (  7%) free+waste,   147.25 KB (  1%) overhead. 
       Both:    103.27 MB capacity,   100.25 MB ( 97%) used,     2.56 MB (  2%) free+waste,   466.94 KB ( <1%) overhead. 

Virtual space:
  Non-class space:       90.00 MB reserved,      89.57 MB (>99%) committed 
      Class space:        1.00 GB reserved,      13.88 MB (  1%) committed 
             Both:        1.09 GB reserved,     103.45 MB (  9%) committed 

Chunk freelists:
   Non-Class:  35.00 KB
       Class:  13.00 KB
        Both:  48.00 KB

MaxMetaspaceSize: 17179869184.00 GB
CompressedClassSpaceSize: 1.00 GB

CodeHeap 'non-profiled nmethods': size=120000Kb used=10029Kb max_used=10029Kb free=109970Kb
 bounds [0x000002805be60000, 0x000002805c830000, 0x0000028063390000]
CodeHeap 'profiled nmethods': size=120000Kb used=32976Kb max_used=32976Kb free=87023Kb
 bounds [0x0000028054930000, 0x0000028056970000, 0x000002805be60000]
CodeHeap 'non-nmethods': size=5760Kb used=2318Kb max_used=2400Kb free=3441Kb
 bounds [0x0000028054390000, 0x0000028054600000, 0x0000028054930000]
 total_blobs=15161 nmethods=14237 adapters=834
 compilation: enabled
              stopped_count=0, restarted_count=0
 full_count=0

Compilation events (20 events):
Event: 1124.879 Thread 0x000002806b500000 14390       3       com.google.common.base.CharMatcher::countIn (39 bytes)
Event: 1124.879 Thread 0x000002806b500000 nmethod 14390 0x0000028056935610 code [0x0000028056935800, 0x0000028056935c68]
Event: 1124.885 Thread 0x000002806b500000 14392 %     3       com.android.utils.XmlUtils::append @ 482 (647 bytes)
Event: 1124.889 Thread 0x000002806b500000 nmethod 14392% 0x0000028056935d90 code [0x0000028056936600, 0x000002805693ada8]
Event: 1124.891 Thread 0x000002806b500000 14393       3       com.android.utils.XmlUtils::append (647 bytes)
Event: 1124.895 Thread 0x000002806b500000 nmethod 14393 0x000002805693c690 code [0x000002805693cee0, 0x0000028056941368]
Event: 1124.902 Thread 0x000002806b500000 14397 %     3       java.lang.StringUTF16::compress @ 10 (59 bytes)
Event: 1124.903 Thread 0x000002806b500000 nmethod 14397% 0x0000028056942a90 code [0x0000028056942c80, 0x0000028056943088]
Event: 1124.903 Thread 0x000002806b500000 14398       3       java.lang.StringUTF16::compress (59 bytes)
Event: 1124.903 Thread 0x000002806b500000 nmethod 14398 0x0000028056943290 code [0x0000028056943460, 0x00000280569437a8]
Event: 1124.907 Thread 0x000002806b500000 14399 %     3       java.lang.StringUTF16::getChars @ 16 (42 bytes)
Event: 1124.908 Thread 0x000002806b500000 nmethod 14399% 0x0000028056943990 code [0x0000028056943b80, 0x0000028056943f48]
Event: 1124.908 Thread 0x000002806b500000 14400       3       java.lang.StringUTF16::getChars (42 bytes)
Event: 1124.908 Thread 0x000002806b500000 nmethod 14400 0x0000028056944190 code [0x0000028056944360, 0x00000280569446a8]
Event: 1124.911 Thread 0x000002806b500000 14402       2       sun.nio.cs.UTF_8$Encoder::encodeArrayLoop (489 bytes)
Event: 1124.913 Thread 0x000002806b500000 nmethod 14402 0x0000028056944890 code [0x0000028056944ce0, 0x00000280569460a8]
Event: 1124.913 Thread 0x000002806b500000 14403 %     3       sun.nio.cs.UTF_8$Encoder::encodeArrayLoop @ 73 (489 bytes)
Event: 1124.915 Thread 0x000002806b500000 nmethod 14403% 0x0000028056946d90 code [0x0000028056947360, 0x000002805694a6c8]
Event: 1124.915 Thread 0x000002806b500000 14404       3       sun.nio.cs.UTF_8$Encoder::encodeArrayLoop (489 bytes)
Event: 1124.918 Thread 0x000002806b500000 nmethod 14404 0x000002805694b810 code [0x000002805694be00, 0x000002805694f1c8]

GC Heap History (20 events):
Event: 33.329 GC heap before
{Heap before GC invocations=64 (full 0):
 garbage-first heap   total 187392K, used 159238K [0x0000000080000000, 0x0000000100000000)
  region size 1024K, 38 young (38912K), 1 survivors (1024K)
 Metaspace       used 95577K, capacity 98118K, committed 98504K, reserved 1134592K
  class space    used 12263K, capacity 13143K, committed 13184K, reserved 1048576K
}
Event: 33.331 GC heap after
{Heap after GC invocations=65 (full 0):
 garbage-first heap   total 187392K, used 119587K [0x0000000080000000, 0x0000000100000000)
  region size 1024K, 2 young (2048K), 2 survivors (2048K)
 Metaspace       used 95577K, capacity 98118K, committed 98504K, reserved 1134592K
  class space    used 12263K, capacity 13143K, committed 13184K, reserved 1048576K
}
Event: 40.578 GC heap before
{Heap before GC invocations=65 (full 0):
 garbage-first heap   total 187392K, used 158499K [0x0000000080000000, 0x0000000100000000)
  region size 1024K, 40 young (40960K), 2 survivors (2048K)
 Metaspace       used 97515K, capacity 100314K, committed 100424K, reserved 1136640K
  class space    used 12511K, capacity 13568K, committed 13568K, reserved 1048576K
}
Event: 40.585 GC heap after
{Heap after GC invocations=66 (full 0):
 garbage-first heap   total 187392K, used 121586K [0x0000000080000000, 0x0000000100000000)
  region size 1024K, 4 young (4096K), 4 survivors (4096K)
 Metaspace       used 97515K, capacity 100314K, committed 100424K, reserved 1136640K
  class space    used 12511K, capacity 13568K, committed 13568K, reserved 1048576K
}
Event: 1123.109 GC heap before
{Heap before GC invocations=67 (full 0):
 garbage-first heap   total 187392K, used 157740K [0x0000000080000000, 0x0000000100000000)
  region size 1024K, 41 young (41984K), 4 survivors (4096K)
 Metaspace       used 97992K, capacity 100818K, committed 101064K, reserved 1136640K
  class space    used 12534K, capacity 13591K, committed 13696K, reserved 1048576K
}
Event: 1123.118 GC heap after
{Heap after GC invocations=68 (full 0):
 garbage-first heap   total 187392K, used 122265K [0x0000000080000000, 0x0000000100000000)
  region size 1024K, 5 young (5120K), 5 survivors (5120K)
 Metaspace       used 97992K, capacity 100818K, committed 101064K, reserved 1136640K
  class space    used 12534K, capacity 13591K, committed 13696K, reserved 1048576K
}
Event: 1123.522 GC heap before
{Heap before GC invocations=68 (full 0):
 garbage-first heap   total 187392K, used 159129K [0x0000000080000000, 0x0000000100000000)
  region size 1024K, 42 young (43008K), 5 survivors (5120K)
 Metaspace       used 99208K, capacity 102201K, committed 102472K, reserved 1138688K
  class space    used 12664K, capacity 13738K, committed 13824K, reserved 1048576K
}
Event: 1123.538 GC heap after
{Heap after GC invocations=69 (full 0):
 garbage-first heap   total 187392K, used 125570K [0x0000000080000000, 0x0000000100000000)
  region size 1024K, 6 young (6144K), 6 survivors (6144K)
 Metaspace       used 99208K, capacity 102201K, committed 102472K, reserved 1138688K
  class space    used 12664K, capacity 13738K, committed 13824K, reserved 1048576K
}
Event: 1123.966 GC heap before
{Heap before GC invocations=70 (full 0):
 garbage-first heap   total 187392K, used 157314K [0x0000000080000000, 0x0000000100000000)
  region size 1024K, 39 young (39936K), 6 survivors (6144K)
 Metaspace       used 100411K, capacity 103467K, committed 103752K, reserved 1138688K
  class space    used 12865K, capacity 13975K, committed 14080K, reserved 1048576K
}
Event: 1123.974 GC heap after
{Heap after GC invocations=71 (full 0):
 garbage-first heap   total 187392K, used 127374K [0x0000000080000000, 0x0000000100000000)
  region size 1024K, 3 young (3072K), 3 survivors (3072K)
 Metaspace       used 100411K, capacity 103467K, committed 103752K, reserved 1138688K
  class space    used 12865K, capacity 13975K, committed 14080K, reserved 1048576K
}
Event: 1124.049 GC heap before
{Heap before GC invocations=71 (full 0):
 garbage-first heap   total 187392K, used 132494K [0x0000000080000000, 0x0000000100000000)
  region size 1024K, 9 young (9216K), 3 survivors (3072K)
 Metaspace       used 100501K, capacity 103618K, committed 103752K, reserved 1138688K
  class space    used 12865K, capacity 13975K, committed 14080K, reserved 1048576K
}
Event: 1124.056 GC heap after
{Heap after GC invocations=72 (full 0):
 garbage-first heap   total 187392K, used 123981K [0x0000000080000000, 0x0000000100000000)
  region size 1024K, 1 young (1024K), 1 survivors (1024K)
 Metaspace       used 100501K, capacity 103618K, committed 103752K, reserved 1138688K
  class space    used 12865K, capacity 13975K, committed 14080K, reserved 1048576K
}
Event: 1124.387 GC heap before
{Heap before GC invocations=72 (full 0):
 garbage-first heap   total 187392K, used 151629K [0x0000000080000000, 0x0000000100000000)
  region size 1024K, 30 young (30720K), 1 survivors (1024K)
 Metaspace       used 101384K, capacity 104505K, committed 104776K, reserved 1140736K
  class space    used 12932K, capacity 14056K, committed 14080K, reserved 1048576K
}
Event: 1124.391 GC heap after
{Heap after GC invocations=73 (full 0):
 garbage-first heap   total 187392K, used 125237K [0x0000000080000000, 0x0000000100000000)
  region size 1024K, 2 young (2048K), 2 survivors (2048K)
 Metaspace       used 101384K, capacity 104505K, committed 104776K, reserved 1140736K
  class space    used 12932K, capacity 14056K, committed 14080K, reserved 1048576K
}
Event: 1124.752 GC heap before
{Heap before GC invocations=74 (full 0):
 garbage-first heap   total 187392K, used 161077K [0x0000000080000000, 0x0000000100000000)
  region size 1024K, 36 young (36864K), 2 survivors (2048K)
 Metaspace       used 102431K, capacity 105551K, committed 105672K, reserved 1140736K
  class space    used 13043K, capacity 14192K, committed 14208K, reserved 1048576K
}
Event: 1124.768 GC heap after
{Heap after GC invocations=75 (full 0):
 garbage-first heap   total 187392K, used 141124K [0x0000000080000000, 0x0000000100000000)
  region size 1024K, 5 young (5120K), 5 survivors (5120K)
 Metaspace       used 102431K, capacity 105551K, committed 105672K, reserved 1140736K
  class space    used 13043K, capacity 14192K, committed 14208K, reserved 1048576K
}
Event: 1124.819 GC heap before
{Heap before GC invocations=75 (full 0):
 garbage-first heap   total 187392K, used 145220K [0x0000000080000000, 0x0000000100000000)
  region size 1024K, 9 young (9216K), 5 survivors (5120K)
 Metaspace       used 102548K, capacity 105615K, committed 105672K, reserved 1140736K
  class space    used 13055K, capacity 14192K, committed 14208K, reserved 1048576K
}
Event: 1124.827 GC heap after
{Heap after GC invocations=76 (full 0):
 garbage-first heap   total 187392K, used 142331K [0x0000000080000000, 0x0000000100000000)
  region size 1024K, 1 young (1024K), 1 survivors (1024K)
 Metaspace       used 102548K, capacity 105615K, committed 105672K, reserved 1140736K
  class space    used 13055K, capacity 14192K, committed 14208K, reserved 1048576K
}
Event: 1124.870 GC heap before
{Heap before GC invocations=76 (full 0):
 garbage-first heap   total 187392K, used 146427K [0x0000000080000000, 0x0000000100000000)
  region size 1024K, 7 young (7168K), 1 survivors (1024K)
 Metaspace       used 102607K, capacity 105679K, committed 105928K, reserved 1140736K
  class space    used 13056K, capacity 14192K, committed 14208K, reserved 1048576K
}
Event: 1124.875 GC heap after
{Heap after GC invocations=77 (full 0):
 garbage-first heap   total 187392K, used 145716K [0x0000000080000000, 0x0000000100000000)
  region size 1024K, 3 young (3072K), 3 survivors (3072K)
 Metaspace       used 102607K, capacity 105679K, committed 105928K, reserved 1140736K
  class space    used 13056K, capacity 14192K, committed 14208K, reserved 1048576K
}

Deoptimization events (20 events):
Event: 1124.916 Thread 0x0000028078637000 DEOPT PACKING pc=0x0000028056945a80 sp=0x00000090d9ef9a10
Event: 1124.916 Thread 0x0000028078637000 DEOPT UNPACKING pc=0x00000280543b6dde sp=0x00000090d9ef8f88 mode 0
Event: 1124.916 Thread 0x0000028078637000 DEOPT PACKING pc=0x0000028056945a80 sp=0x00000090d9ef9a10
Event: 1124.916 Thread 0x0000028078637000 DEOPT UNPACKING pc=0x00000280543b6dde sp=0x00000090d9ef8f88 mode 0
Event: 1124.916 Thread 0x0000028078637000 DEOPT PACKING pc=0x0000028056945a80 sp=0x00000090d9ef9a10
Event: 1124.916 Thread 0x0000028078637000 DEOPT UNPACKING pc=0x00000280543b6dde sp=0x00000090d9ef8f88 mode 0
Event: 1124.916 Thread 0x0000028078637000 DEOPT PACKING pc=0x0000028056945a80 sp=0x00000090d9ef9a10
Event: 1124.917 Thread 0x0000028078637000 DEOPT UNPACKING pc=0x00000280543b6dde sp=0x00000090d9ef8f88 mode 0
Event: 1124.917 Thread 0x0000028078637000 DEOPT PACKING pc=0x0000028056945a80 sp=0x00000090d9ef9a10
Event: 1124.917 Thread 0x0000028078637000 DEOPT UNPACKING pc=0x00000280543b6dde sp=0x00000090d9ef8f88 mode 0
Event: 1124.917 Thread 0x0000028078637000 DEOPT PACKING pc=0x0000028056945a80 sp=0x00000090d9ef9a10
Event: 1124.917 Thread 0x0000028078637000 DEOPT UNPACKING pc=0x00000280543b6dde sp=0x00000090d9ef8f88 mode 0
Event: 1124.917 Thread 0x0000028078637000 DEOPT PACKING pc=0x0000028056945a80 sp=0x00000090d9ef9a10
Event: 1124.917 Thread 0x0000028078637000 DEOPT UNPACKING pc=0x00000280543b6dde sp=0x00000090d9ef8f88 mode 0
Event: 1124.917 Thread 0x0000028078637000 DEOPT PACKING pc=0x0000028056945a80 sp=0x00000090d9ef9a10
Event: 1124.917 Thread 0x0000028078637000 DEOPT UNPACKING pc=0x00000280543b6dde sp=0x00000090d9ef8f88 mode 0
Event: 1124.917 Thread 0x0000028078637000 DEOPT PACKING pc=0x0000028056945a80 sp=0x00000090d9ef9a10
Event: 1124.917 Thread 0x0000028078637000 DEOPT UNPACKING pc=0x00000280543b6dde sp=0x00000090d9ef8f88 mode 0
Event: 1124.917 Thread 0x0000028078637000 DEOPT PACKING pc=0x0000028056945a80 sp=0x00000090d9ef9a10
Event: 1124.917 Thread 0x0000028078637000 DEOPT UNPACKING pc=0x00000280543b6dde sp=0x00000090d9ef8f88 mode 0

Classes redefined (0 events):
No events

Internal exceptions (20 events):
Event: 1123.300 Thread 0x000002806f27a800 Exception <a 'java/lang/NoClassDefFoundError'{0x000000008a149400}: org/jetbrains/kotlin/gradle/plugin/KotlinBasePluginWrapper> (0x000000008a149400) thrown at [./src/hotspot/share/oops/constantPool.cpp, line 775]
Event: 1123.306 Thread 0x000002806f27a800 Implicit null exception at 0x000002805c73c1ad to 0x000002805c73ca78
Event: 1123.462 Thread 0x000002806f27a800 Exception <a 'sun/nio/fs/WindowsException'{0x00000000897aa3a0}> (0x00000000897aa3a0) thrown at [./src/hotspot/share/prims/jni.cpp, line 615]
Event: 1123.470 Thread 0x000002806f27a800 Exception <a 'sun/nio/fs/WindowsException'{0x00000000896517c8}> (0x00000000896517c8) thrown at [./src/hotspot/share/prims/jni.cpp, line 615]
Event: 1123.470 Thread 0x000002806f27a800 Exception <a 'sun/nio/fs/WindowsException'{0x0000000089652b38}> (0x0000000089652b38) thrown at [./src/hotspot/share/prims/jni.cpp, line 615]
Event: 1123.470 Thread 0x000002806f27a800 Exception <a 'sun/nio/fs/WindowsException'{0x0000000089653ef8}> (0x0000000089653ef8) thrown at [./src/hotspot/share/prims/jni.cpp, line 615]
Event: 1123.470 Thread 0x000002806f27a800 Exception <a 'sun/nio/fs/WindowsException'{0x00000000896552b8}> (0x00000000896552b8) thrown at [./src/hotspot/share/prims/jni.cpp, line 615]
Event: 1123.521 Thread 0x000002806f27a800 Exception <a 'java/lang/NoSuchMethodError'{0x00000000892e8e20}: 'java.lang.Object java.lang.invoke.Invokers$Holder.linkToTargetMethod(java.lang.Object, int, int, java.lang.Object)'> (0x00000000892e8e20) thrown at [./src/hotspot/share/interpreter/linkResolver.cpp, line 773]
Event: 1123.682 Thread 0x000002806f282000 Exception <a 'java/lang/NoSuchMethodError'{0x000000008b644350}: <clinit>> (0x000000008b644350) thrown at [./src/hotspot/share/prims/jni.cpp, line 1362]
Event: 1123.682 Thread 0x000002806f282000 Exception <a 'java/lang/NoSuchMethodError'{0x000000008ad40258}: <clinit>> (0x000000008ad40258) thrown at [./src/hotspot/share/prims/jni.cpp, line 1362]
Event: 1123.685 Thread 0x000002806f282000 Exception <a 'java/lang/NoSuchMethodError'{0x000000008ad6aad8}: <clinit>> (0x000000008ad6aad8) thrown at [./src/hotspot/share/prims/jni.cpp, line 1362]
Event: 1123.686 Thread 0x000002806f282000 Exception <a 'java/lang/NoSuchMethodError'{0x000000008adaaf30}: <clinit>> (0x000000008adaaf30) thrown at [./src/hotspot/share/prims/jni.cpp, line 1362]
Event: 1123.687 Thread 0x000002806f282000 Exception <a 'java/lang/NoSuchMethodError'{0x000000008adac208}: <clinit>> (0x000000008adac208) thrown at [./src/hotspot/share/prims/jni.cpp, line 1362]
Event: 1123.705 Thread 0x0000028072d67000 Exception <a 'java/lang/NoSuchMethodError'{0x000000008abcb9f8}: <clinit>> (0x000000008abcb9f8) thrown at [./src/hotspot/share/prims/jni.cpp, line 1362]
Event: 1123.707 Thread 0x0000028072d67000 Exception <a 'java/lang/NoSuchMethodError'{0x000000008abe6268}: <clinit>> (0x000000008abe6268) thrown at [./src/hotspot/share/prims/jni.cpp, line 1362]
Event: 1123.709 Thread 0x0000028072d67000 Exception <a 'java/lang/NoSuchMethodError'{0x000000008aa36170}: <clinit>> (0x000000008aa36170) thrown at [./src/hotspot/share/prims/jni.cpp, line 1362]
Event: 1123.724 Thread 0x000002806f282000 Exception <a 'java/lang/NoSuchMethodError'{0x000000008a91fa30}: <clinit>> (0x000000008a91fa30) thrown at [./src/hotspot/share/prims/jni.cpp, line 1362]
Event: 1123.724 Thread 0x0000028072d68000 Exception <a 'java/lang/NoSuchMethodError'{0x000000008a92a668}: 'java.lang.Object java.lang.invoke.DirectMethodHandle$Holder.invokeInterface(java.lang.Object, java.lang.Object, int)'> (0x000000008a92a668) thrown at [./src/hotspot/share/interpreter/linkResolver.cpp, line 773]
Event: 1123.726 Thread 0x0000028072d68000 Exception <a 'java/lang/NoSuchMethodError'{0x000000008a945a80}: 'void java.lang.invoke.DirectMethodHandle$Holder.invokeStatic(java.lang.Object, java.lang.Object, java.lang.Object, int)'> (0x000000008a945a80) thrown at [./src/hotspot/share/interpreter/linkResolver.cpp, line 773]
Event: 1123.852 Thread 0x0000028074462800 Implicit null exception at 0x000002805c76c141 to 0x000002805c76cac8

Events (20 events):
Event: 1124.806 loading class org/w3c/dom/ls/LSOutput
Event: 1124.806 loading class org/w3c/dom/ls/LSOutput done
Event: 1124.806 loading class org/w3c/dom/ls/LSSerializer
Event: 1124.807 loading class org/w3c/dom/ls/LSSerializer done
Event: 1124.807 loading class org/apache/xerces/dom/DeferredDOMImplementationImpl
Event: 1124.807 loading class org/apache/xerces/dom/DeferredDOMImplementationImpl done
Event: 1124.819 Executing VM operation: G1CollectForAllocation
Event: 1124.827 Executing VM operation: G1CollectForAllocation done
Event: 1124.851 loading class com/android/utils/XmlUtils$PositionAwareStringBuilder
Event: 1124.851 loading class com/android/utils/XmlUtils$PositionAwareStringBuilder done
Event: 1124.870 Executing VM operation: G1CollectForAllocation
Event: 1124.875 Executing VM operation: G1CollectForAllocation done
Event: 1124.918 loading class com/android/builder/internal/aapt/v2/Aapt2RenamingConventions
Event: 1124.918 loading class com/android/builder/internal/aapt/v2/Aapt2RenamingConventions done
Event: 1124.918 loading class com/android/builder/internal/aapt/v2/Aapt2Exception
Event: 1124.918 loading class com/android/builder/internal/aapt/v2/Aapt2Exception done
Event: 1124.922 loading class com/android/ide/common/blame/MergingLogPersistUtil
Event: 1124.922 loading class com/android/ide/common/blame/MergingLogPersistUtil done
Event: 1124.924 loading class com/android/ide/common/blame/MergingLogPersistUtil$SourcePositionsSerializer$JsonTypeAdapter
Event: 1124.924 loading class com/android/ide/common/blame/MergingLogPersistUtil$SourcePositionsSerializer$JsonTypeAdapter done


Dynamic libraries:
0x00007ff746570000 - 0x00007ff74657a000 	D:\ANDROID STUDIO\jre\bin\java.exe
0x00007ff89f5c0000 - 0x00007ff89f7c9000 	C:\WINDOWS\SYSTEM32\ntdll.dll
0x00007ff89e890000 - 0x00007ff89e94d000 	C:\WINDOWS\System32\KERNEL32.DLL
0x00007ff89cda0000 - 0x00007ff89d119000 	C:\WINDOWS\System32\KERNELBASE.dll
0x00007ff89d300000 - 0x00007ff89d411000 	C:\WINDOWS\System32\ucrtbase.dll
0x00007ff881fd0000 - 0x00007ff881fe9000 	D:\ANDROID STUDIO\jre\bin\jli.dll
0x00007ff89f2f0000 - 0x00007ff89f49c000 	C:\WINDOWS\System32\USER32.dll
0x00007ff89d420000 - 0x00007ff89d446000 	C:\WINDOWS\System32\win32u.dll
0x00007ff87a460000 - 0x00007ff87a705000 	C:\WINDOWS\WinSxS\amd64_microsoft.windows.common-controls_6595b64144ccf1df_6.0.22000.120_none_9d947278b86cc467\COMCTL32.dll
0x00007ff89e070000 - 0x00007ff89e099000 	C:\WINDOWS\System32\GDI32.dll
0x00007ff89e9b0000 - 0x00007ff89ea53000 	C:\WINDOWS\System32\msvcrt.dll
0x00007ff89cb60000 - 0x00007ff89cc72000 	C:\WINDOWS\System32\gdi32full.dll
0x00007ff89cc80000 - 0x00007ff89cd1d000 	C:\WINDOWS\System32\msvcp_win.dll
0x00007ff867180000 - 0x00007ff867197000 	D:\ANDROID STUDIO\jre\bin\VCRUNTIME140.dll
0x00007ff89ef00000 - 0x00007ff89ef31000 	C:\WINDOWS\System32\IMM32.DLL
0x00007ff8608a0000 - 0x00007ff86093d000 	D:\ANDROID STUDIO\jre\bin\msvcp140.dll
0x00007ff833cc0000 - 0x00007ff834795000 	D:\ANDROID STUDIO\jre\bin\server\jvm.dll
0x00007ff89e2b0000 - 0x00007ff89e35e000 	C:\WINDOWS\System32\ADVAPI32.dll
0x00007ff89d450000 - 0x00007ff89d4ee000 	C:\WINDOWS\System32\sechost.dll
0x00007ff89dcb0000 - 0x00007ff89ddd0000 	C:\WINDOWS\System32\RPCRT4.dll
0x00007ff89ea60000 - 0x00007ff89ea68000 	C:\WINDOWS\System32\PSAPI.DLL
0x00007ff897d70000 - 0x00007ff897d79000 	C:\WINDOWS\SYSTEM32\WSOCK32.dll
0x00007ff8971e0000 - 0x00007ff897213000 	C:\WINDOWS\SYSTEM32\WINMM.dll
0x00007ff895d80000 - 0x00007ff895d8a000 	C:\WINDOWS\SYSTEM32\VERSION.dll
0x00007ff89f4a0000 - 0x00007ff89f50f000 	C:\WINDOWS\System32\WS2_32.dll
0x00007ff89bba0000 - 0x00007ff89bbb8000 	C:\WINDOWS\SYSTEM32\kernel.appcore.dll
0x00007ff8852d0000 - 0x00007ff8852e1000 	D:\ANDROID STUDIO\jre\bin\verify.dll
0x00007ff89a5e0000 - 0x00007ff89a801000 	C:\WINDOWS\SYSTEM32\DBGHELP.DLL
0x00007ff87fdf0000 - 0x00007ff87fe21000 	C:\WINDOWS\SYSTEM32\dbgcore.DLL
0x00007ff89cd20000 - 0x00007ff89cd9f000 	C:\WINDOWS\System32\bcryptPrimitives.dll
0x00007ff881fa0000 - 0x00007ff881fc9000 	D:\ANDROID STUDIO\jre\bin\java.dll
0x00007ff885280000 - 0x00007ff88528b000 	D:\ANDROID STUDIO\jre\bin\jimage.dll
0x00007ff87fdd0000 - 0x00007ff87fde8000 	D:\ANDROID STUDIO\jre\bin\zip.dll
0x00007ff89d4f0000 - 0x00007ff89dca8000 	C:\WINDOWS\System32\SHELL32.dll
0x00007ff89ac10000 - 0x00007ff89b477000 	C:\WINDOWS\SYSTEM32\windows.storage.dll
0x00007ff89ef70000 - 0x00007ff89f2e9000 	C:\WINDOWS\System32\combase.dll
0x00007ff89aaa0000 - 0x00007ff89ac06000 	C:\WINDOWS\SYSTEM32\wintypes.dll
0x00007ff89e720000 - 0x00007ff89e80a000 	C:\WINDOWS\System32\SHCORE.dll
0x00007ff89f510000 - 0x00007ff89f56d000 	C:\WINDOWS\System32\shlwapi.dll
0x00007ff89c9d0000 - 0x00007ff89c9f1000 	C:\WINDOWS\SYSTEM32\profapi.dll
0x00007ff87cef0000 - 0x00007ff87cf0a000 	D:\ANDROID STUDIO\jre\bin\net.dll
0x00007ff897080000 - 0x00007ff89718c000 	C:\WINDOWS\SYSTEM32\WINHTTP.dll
0x00007ff89bfd0000 - 0x00007ff89c037000 	C:\WINDOWS\system32\mswsock.dll
0x00007ff877b00000 - 0x00007ff877b14000 	D:\ANDROID STUDIO\jre\bin\nio.dll
0x00007ff86e930000 - 0x00007ff86e957000 	C:\Users\hp\.gradle\native\e1d6ef7f7dcc3fd88c89a11ec53ec762bb8ba0a96d01ffa2cd45eb1d1d8dd5c5\windows-amd64\native-platform.dll
0x00007ff85f620000 - 0x00007ff85f764000 	C:\Users\hp\.gradle\native\5664cfc778a61ccfe75a443a1ab52a65af34e5dc3c78e0209fed803814484fcb\windows-amd64\native-platform-file-events.dll
0x00007ff883d00000 - 0x00007ff883d0a000 	D:\ANDROID STUDIO\jre\bin\management.dll
0x00007ff881f90000 - 0x00007ff881f9d000 	D:\ANDROID STUDIO\jre\bin\management_ext.dll
0x00007ff89c280000 - 0x00007ff89c298000 	C:\WINDOWS\SYSTEM32\CRYPTSP.dll
0x00007ff89bb00000 - 0x00007ff89bb35000 	C:\WINDOWS\system32\rsaenh.dll
0x00007ff89c0c0000 - 0x00007ff89c0e9000 	C:\WINDOWS\SYSTEM32\USERENV.dll
0x00007ff89c400000 - 0x00007ff89c427000 	C:\WINDOWS\SYSTEM32\bcrypt.dll
0x00007ff89c2a0000 - 0x00007ff89c2ac000 	C:\WINDOWS\SYSTEM32\CRYPTBASE.dll
0x00007ff89b6d0000 - 0x00007ff89b6fd000 	C:\WINDOWS\SYSTEM32\IPHLPAPI.DLL
0x00007ff89ddd0000 - 0x00007ff89ddd9000 	C:\WINDOWS\System32\NSI.dll
0x00007ff897220000 - 0x00007ff897239000 	C:\WINDOWS\SYSTEM32\dhcpcsvc6.DLL
0x00007ff8976d0000 - 0x00007ff8976ee000 	C:\WINDOWS\SYSTEM32\dhcpcsvc.DLL
0x00007ff89b740000 - 0x00007ff89b828000 	C:\WINDOWS\SYSTEM32\DNSAPI.dll

dbghelp: loaded successfully - version: 4.0.5 - missing functions: none
symbol engine: initialized successfully - sym options: 0x614 - pdb path: .;D:\ANDROID STUDIO\jre\bin;C:\WINDOWS\SYSTEM32;C:\WINDOWS\WinSxS\amd64_microsoft.windows.common-controls_6595b64144ccf1df_6.0.22000.120_none_9d947278b86cc467;D:\ANDROID STUDIO\jre\bin\server;C:\Users\hp\.gradle\native\e1d6ef7f7dcc3fd88c89a11ec53ec762bb8ba0a96d01ffa2cd45eb1d1d8dd5c5\windows-amd64;C:\Users\hp\.gradle\native\5664cfc778a61ccfe75a443a1ab52a65af34e5dc3c78e0209fed803814484fcb\windows-amd64

VM Arguments:
jvm_args: --add-opens=java.base/java.util=ALL-UNNAMED --add-opens=java.base/java.lang=ALL-UNNAMED --add-opens=java.base/java.lang.invoke=ALL-UNNAMED --add-opens=java.base/java.util=ALL-UNNAMED --add-opens=java.prefs/java.util.prefs=ALL-UNNAMED --add-opens=java.prefs/java.util.prefs=ALL-UNNAMED --add-opens=java.base/java.nio.charset=ALL-UNNAMED --add-opens=java.base/java.net=ALL-UNNAMED --add-opens=java.base/java.util.concurrent.atomic=ALL-UNNAMED -Xmx2048m -Dfile.encoding=UTF-8 -Duser.country=US -Duser.language=en -Duser.variant 
java_command: org.gradle.launcher.daemon.bootstrap.GradleDaemon 7.2
java_class_path (initial): C:\Users\hp\.gradle\wrapper\dists\gradle-7.2-bin\2dnblmf4td7x66yl1d74lt32g\gradle-7.2\lib\gradle-launcher-7.2.jar
Launcher Type: SUN_STANDARD

[Global flags]
     intx CICompilerCount                          = 4                                         {product} {ergonomic}
     uint ConcGCThreads                            = 2                                         {product} {ergonomic}
     uint G1ConcRefinementThreads                  = 8                                         {product} {ergonomic}
   size_t G1HeapRegionSize                         = 1048576                                   {product} {ergonomic}
    uintx GCDrainStackTargetSize                   = 64                                        {product} {ergonomic}
   size_t InitialHeapSize                          = 132120576                                 {product} {ergonomic}
   size_t MarkStackSize                            = 4194304                                   {product} {ergonomic}
   size_t MaxHeapSize                              = 2147483648                                {product} {command line}
   size_t MaxNewSize                               = 1287651328                                {product} {ergonomic}
   size_t MinHeapDeltaBytes                        = 1048576                                   {product} {ergonomic}
    uintx NonNMethodCodeHeapSize                   = 5836300                                {pd product} {ergonomic}
    uintx NonProfiledCodeHeapSize                  = 122910970                              {pd product} {ergonomic}
    uintx ProfiledCodeHeapSize                     = 122910970                              {pd product} {ergonomic}
    uintx ReservedCodeCacheSize                    = 251658240                              {pd product} {ergonomic}
     bool SegmentedCodeCache                       = true                                      {product} {ergonomic}
     bool UseCompressedClassPointers               = true                                 {lp64_product} {ergonomic}
     bool UseCompressedOops                        = true                                 {lp64_product} {ergonomic}
     bool UseG1GC                                  = true                                      {product} {ergonomic}
     bool UseLargePagesIndividualAllocation        = false                                  {pd product} {ergonomic}

Logging:
Log output configuration:
 #0: stdout all=warning uptime,level,tags
 #1: stderr all=off uptime,level,tags

Environment Variables:
JAVA_HOME=C:\Program Files\Java\jdk-17.0.2
PATH=C:\Program Files\Common Files\Oracle\Java\javapath;C:\WINDOWS\system32;C:\WINDOWS;C:\WINDOWS\System32\Wbem;C:\WINDOWS\System32\WindowsPowerShell\v1.0\;C:\WINDOWS\System32\OpenSSH\;C:\Program Files (x86)\GtkSharp\2.12\bin;C:\Program Files\Java\jdk-17.0.2\bin;C:\Users\hp\AppData\Local\Programs\Python\Python310\Scripts\;C:\Users\hp\AppData\Local\Programs\Python\Python310\;C:\Program Files\MySQL\MySQL Shell 8.0\bin\;C:\Users\hp\AppData\Local\Programs\Python\Python39\Scripts\;C:\Users\hp\AppData\Local\Programs\Python\Python39\;C:\Users\hp\AppData\Local\Microsoft\WindowsApps;C:\Users\hp\AppData\Local\Programs\Microsoft VS Code\bin;C:\Program Files\CodeBlocks\MinGW\bin;C:\Program Files\Mono\bin;
USERNAME=hp
OS=Windows_NT
PROCESSOR_IDENTIFIER=Intel64 Family 6 Model 142 Stepping 12, GenuineIntel



---------------  S Y S T E M  ---------------

OS: Windows 10 , 64 bit Build 22000 (10.0.22000.708)
OS uptime: 4 days 7:28 hours

CPU:total 8 (initial active 8) (4 cores per cpu, 2 threads per core) family 6 model 142 stepping 12 microcode 0xea, cmov, cx8, fxsr, mmx, sse, sse2, sse3, ssse3, sse4.1, sse4.2, popcnt, avx, avx2, aes, clmul, erms, 3dnowpref, lzcnt, ht, tsc, tscinvbit, bmi1, bmi2, adx, fma

Memory: 4k page, system-wide physical 7995M (593M free)
TotalPageFile size 15163M (AvailPageFile size 2513M)
current process WorkingSet (physical memory assigned to process): 501M, peak: 501M
current process commit charge ("private bytes"): 541M, peak: 541M

vm_info: OpenJDK 64-Bit Server VM (11.0.11+9-b60-7590822) for windows-amd64 JRE (11.0.11+9-b60-7590822), built on Jul 29 2021 21:43:44 by "builder" with MS VC++ 14.0 (VS2015)

END.
